#log
1751875070.5734596,1,1751875070.572453,resting
1751875213.1476886,1,1751875213.146689,resting
1751875222.2635043,100,1751875222.261462,resting
1751875272.8943968,0,1751875272.8933802,negative
1751875351.0796714,2,1751875351.0796714,positive
1751875442.2834117,1,1751875442.2823553,neutral
1751875473.0162108,200,1751875473.015206,resting
1751878601.5979276,1,1751878601.5969276,resting
1751878610.6473458,100,1751878610.645197,resting
1751878707.7185354,1,1751878707.7175353,resting
1751878715.695063,100,1751878715.6930332,resting
1751879199.0804899,1,1751879199.0804899,resting
1751879207.9933875,100,1751879207.991366,resting
1751888146.7961004,1,1751888146.7950988,resting
1751888155.5991623,100,1751888155.598165,resting
1751888202.6851192,1,1751888202.6851192,neutral
1751888280.6255772,0,1751888280.6245382,negative
1751888359.1721659,2,1751888359.1709538,positive
1751888397.5392714,200,1751888397.5392714,resting
1751891733.0752728,1,1751891733.0742307,resting
1751891740.3909757,100,1751891740.3894632,resting
1751891772.0663247,2,1751891772.064849,positive
1751891841.8837068,1,1751891841.8837068,neutral
1751892662.1338801,1,1751892662.1326752,resting
1751892674.9010348,100,1751892674.9000258,resting
1751892706.1530287,1,1751892706.1515446,neutral
1751892768.5437615,1,1751892768.5416944,neutral
1751892832.8179615,1,1751892832.8159156,neutral
1751892895.9626677,0,1751892895.9626677,negative
1751892958.765276,2,1751892958.763353,positive
1751893028.3461301,0,1751893028.3450935,negative
1751893093.0170696,1,1751893093.0160694,neutral
1751893156.4253106,2,1751893156.4243455,positive
1751893215.8099265,1,1751893215.8099265,neutral
1751893277.6866152,0,1751893277.6845706,negative
1751893347.7046933,0,1751893347.7046933,negative
1751893409.4156115,0,1751893409.4146018,negative
1751893443.1082387,200,1751893443.1072197,resting
1751893961.6909423,1,1751893961.6909423,resting
1751893972.0171123,100,1751893972.0161107,resting
1751894003.4698827,2,1751894003.4698827,positive
1751894073.0639427,0,1751894073.0625536,negative
1751894845.2003055,1,1751894845.1993055,resting
1751894853.85605,100,1751894853.85605,resting
1751895560.8431175,1,1751895560.8431175,resting
1751895568.477054,100,1751895568.477054,resting
1751895599.9041815,0,1751895599.9041815,negative
1751896104.5360308,1,1751896104.5349052,resting
1751896114.596542,100,1751896114.5942507,resting
1751896297.0982385,1,1751896297.0970192,resting
1751896303.330748,100,1751896303.3297358,resting
1751896320.7194977,0,1751896320.7184803,negative
1751896385.2796595,1,1751896385.2780526,resting
1751896397.970772,100,1751896397.9697745,resting
1751896422.1581435,0,1751896422.1581435,negative
1751896487.3091393,1,1751896487.3080845,resting
1751896493.6672459,100,1751896493.6662068,resting
1751896524.8901215,1,1751896524.8901215,neutral
1751896685.7668903,1,1751896685.7668903,resting
1751896692.005787,100,1751896692.0043173,resting
1751896701.2054896,0,1751896701.2044895,negative
1751896741.0808218,1,1751896741.0808218,neutral
1751896769.4817894,1,1751896769.4807653,resting
1751896775.766584,100,1751896775.7654688,resting
1751896791.9986732,1,1751896791.9976628,neutral
1751896838.9005685,1,1751896838.899564,neutral
1751896886.839556,1,1751896886.8383923,neutral
1751896935.4514291,1,1751896935.4504123,neutral
1751896982.5631938,2,1751896982.562039,positive
1751897026.904147,1,1751897026.9029357,neutral
1751897076.1353335,0,1751897076.1353335,negative
1751897123.8066869,2,1751897123.8054574,positive
1751897178.2684958,0,1751897178.2684958,negative
1751897233.1371412,0,1751897233.1359754,negative
1751897280.031423,0,1751897280.031423,negative
1751897329.8928683,0,1751897329.8928683,negative
1751897466.3495095,1,1751897466.348504,resting
1751897472.665155,100,1751897472.665155,resting
1751897488.8916886,2,1751897488.8906846,positive
1751897533.145497,2,1751897533.1444612,positive
1751898181.0908453,1,1751898181.0897534,resting
1751898190.4083507,100,1751898190.4072995,resting
1751898248.7613997,1,1751898248.7603188,resting
1751898256.4392462,100,1751898256.437202,resting
1751898272.792636,0,1751898272.7906137,negative
1751954954.0707347,1,1751954954.0697343,resting
1751954964.6223414,100,1751954964.6197305,resting
1751954981.329998,2,1751954981.3279612,positive
1751955029.0262387,0,1751955029.0262387,negative
1751955075.2873135,1,1751955075.2861996,neutral
1751955123.6530747,1,1751955123.652234,neutral
1751955170.8830433,1,1751955170.8809323,neutral
1751955219.1524336,2,1751955219.1514149,positive
1751955266.926108,2,1751955266.9251566,positive
1751955319.1751614,0,1751955319.1730042,negative
1751955369.1865454,2,1751955369.1865454,positive
1751955412.8525555,0,1751955412.8504016,negative
1751955472.5486512,1,1751955472.5464454,neutral
1751955521.768584,0,1751955521.7675028,negative
1751955571.666138,2,1751955571.6646261,positive
1751955620.8188868,0,1751955620.8177452,negative
1751955673.6839821,1,1751955673.6829865,neutral
1751955704.351042,200,1751955704.3495061,resting
1751956621.4460192,1751956621.444742,1,resting
1751956635.7391338,1751956635.7370584,100,resting
1751956652.351851,1751956652.3503394,1,neutral
1751956699.6405199,1751956699.6395202,2,positive
1751956743.1362062,1751956743.1362062,1,neutral
1752413114.906699,1752413114.9053977,1,resting
1752413118.0740306,1752413118.072473,5,resting
1752413123.2440407,1752413123.2440407,105,resting
1752413123.3300986,1752413123.3291006,100,resting
1752413140.5068958,1752413140.5068958,1,negative
1752413170.574801,1752413170.5737908,101,negative
1752413186.8926647,1752413186.891658,2,neutral
1752413217.5750902,1752413217.5740306,102,neutral
1752413233.9350553,1752413233.9336941,2,neutral
1752413266.0137782,1752413266.012627,102,neutral
1752413883.0307462,1752413883.0307462,1,resting
1752413888.4997714,1752413888.4986048,5,resting
1752414196.5843387,1752414196.5830724,1,resting
1752414197.9824905,1752414197.9824905,5,resting
1752414203.1278903,1752414203.124662,105,resting
1752414203.160126,1752414203.1590037,100,resting
1752414219.4383013,1752414219.4371035,1,negative
1752414398.4444919,1752414398.443294,1,resting
1752414400.9895346,1752414400.9885266,5,resting
1752414406.1339006,1752414406.1317782,105,resting
1752414406.1996405,1752414406.198422,100,resting
1752414422.7322662,1752414422.7315083,3,positive
1752423903.485745,1752423903.4843678,1,resting
1752423908.8550122,1752423908.8550122,5,resting
1752423914.0346887,1752423914.0323484,105,resting
1752423914.1876094,1752423914.1864896,100,resting
1752423930.5010936,1752423930.499906,2,neutral
1752423962.3821774,1752423962.3808908,102,neutral
1752423978.7061265,1752423978.7061265,3,positive
1752424005.9709888,1752424005.9699886,103,positive
1752424022.2742465,1752424022.2732022,2,neutral
1752424052.9494672,1752424052.9479082,102,neutral
1752424069.3174367,1752424069.315382,1,negative
1752494424.0595715,1752494424.0585408,1,resting
1752494427.2682507,1752494427.2671118,5,resting
1752496053.9315267,1752496053.9305212,1,resting
1752496058.1396585,1752496058.1396585,5,resting
1752496140.1052866,1752496140.1042805,1,resting
1752496143.0963733,1752496143.0953517,5,resting
1752496205.055847,1752496205.0548499,1,resting
1752496207.2726355,1752496207.2726355,5,resting
1752496212.4247088,1752496212.4247088,105,resting
1752496212.593045,1752496212.5920312,100,resting
1752559972.3131852,1752559972.311948,1,resting
1752559973.7895613,1752559973.7895613,100,resting
1752559990.4539168,1752559990.4539168,2,neutral
1752560021.8370724,1752560021.835743,102,neutral
1752560021.8762984,1752560021.8762984,5,resting
1752560130.0798159,1752560130.0788157,1,resting
1752560139.1134243,1752560139.1124218,100,resting
1752560155.8374438,1752560155.8374438,2,neutral
1752560187.6177356,1752560187.6162317,102,neutral
1752560204.1494346,1752560204.1481547,2,neutral
1752560235.5121753,1752560235.5089123,102,neutral
1752560252.074727,1752560252.0737228,1,negative
1752560285.8579662,1752560285.8569381,101,negative
1752560302.2477756,1752560302.2467418,1,negative
1752560332.4178443,1752560332.4157221,101,negative
1752560348.8392043,1752560348.8380964,3,positive
1752560384.8250022,1752560384.8250022,103,positive
1752560401.1796265,1752560401.1780918,3,positive
1752560432.8463497,1752560432.8451717,103,positive
1752560449.2151787,1752560449.2136185,1,negative
1752560492.5472474,1752560492.5459936,101,negative
1752560508.9714353,1752560508.9714353,2,neutral
1752560541.4446666,1752560541.4426315,102,neutral
1752560557.8689632,1752560557.8676507,3,positive
1752560585.2166748,1752560585.2158623,103,positive
1752560601.606965,1752560601.6056876,3,positive
1752560633.0929334,1752560633.090599,103,positive
1752560649.452316,1752560649.452316,1,negative
1752560679.5074167,1752560679.5054135,101,negative
1752560696.0744476,1752560696.0729349,1,negative
1752560732.6841452,1752560732.683184,101,negative
1752560749.0855796,1752560749.0844088,2,neutral
1752560783.5677097,1752560783.5677097,102,neutral
1752560799.9483624,1752560799.9473617,2,neutral
1752560831.4249105,1752560831.4243555,102,neutral
1752560847.8344402,1752560847.832392,3,positive
1752560880.8197885,1752560880.8187819,103,positive
1752560880.8820722,1752560880.8820722,5,resting
1752561317.0699635,1752561317.068832,1,resting
1752561319.8417344,1752561319.8417344,100,resting
1752561336.3873396,1752561336.3873396,1,negative
1752561372.8936436,1752561372.892568,101,negative
1752561373.0099306,1752561373.0084078,5,resting
1752561447.6413715,1752561447.6403685,1,resting
1752561450.0099938,1752561450.0099938,100,resting
1752561466.2007809,1752561466.2007809,1,negative
1752561502.694752,1752561502.6932716,101,negative
1752561502.8202817,1752561502.8192663,5,resting
1752561508.0109417,1752561508.009708,105,resting
1752561508.1371891,1752561508.135699,200,resting
1752561796.7845807,1752561796.783255,1,resting
1752561798.7220316,1752561798.7220316,100,resting
1752561814.9180775,1752561814.9174528,1,negative
1752561851.407258,1752561851.4062517,101,negative
1752561851.5387,1752561851.537695,5,resting
1752561856.7414458,1752561856.7407036,105,resting
1752561856.769827,1752561856.7689471,200,resting
1752565340.974482,1752565340.9734735,1,resting
1752565342.7509775,1752565342.7499537,100,resting
1752565359.237536,1752565359.237536,1,negative
1752565395.5271964,1752565395.5244856,101,negative
1752565411.736639,1752565411.7341027,3,positive
1752565444.4065483,1752565444.4050355,103,positive
1752565460.5286133,1752565460.5286133,2,neutral
1752565494.808643,1752565494.8059506,102,neutral
1752565494.9304082,1752565494.9304082,5,resting
1752575400.461381,1752575400.4603195,1,resting
1752575402.8063173,1752575402.8049548,100,resting
1752575419.444068,1752575419.4435604,3,positive
1752575450.9401867,1752575450.9379582,103,positive
1752575467.1301954,1752575467.1301954,2,neutral
1752575501.520039,1752575501.519086,102,neutral
1752575517.7973852,1752575517.7968266,1,negative
1752575561.024359,1752575561.024359,101,negative
1752575577.1882298,1752575577.1882298,2,neutral
1752575608.468013,1752575608.466207,102,neutral
1752575624.6998281,1752575624.6998281,3,positive
1752575656.0923877,1752575656.0902812,103,positive
1752575672.468139,1752575672.467139,2,neutral
1752575704.1560607,1752575704.1550348,102,neutral
1752575720.4626417,1752575720.4616373,1,negative
1752575757.0685182,1752575757.0675118,101,negative
1752575773.5263865,1752575773.5253506,2,neutral
1752575773.627336,1752575773.627336,102,neutral
1752575789.8382459,1752575789.8382459,3,positive
1752575817.0948126,1752575817.0938048,103,positive
1752575833.4002905,1752575833.4002905,2,neutral
1752575866.4962478,1752575866.4951735,102,neutral
1752575882.7687397,1752575882.7666109,1,negative
1752575912.6427882,1752575912.6413631,101,negative
1752575928.9185488,1752575928.9175353,2,neutral
1752575961.2979722,1752575961.2969527,102,neutral
1752575977.6112418,1752575977.6112418,3,positive
1752576013.5384254,1752576013.5360434,103,positive
1752576029.9621108,1752576029.9600832,2,neutral
1752576060.5485353,1752576060.5475056,102,neutral
1752576076.8731022,1752576076.8708954,1,negative
1752576110.4710922,1752576110.4700913,101,negative
1752576126.646911,1752576126.644652,2,neutral
1752576157.5270786,1752576157.5250366,102,neutral
1752576173.7593334,1752576173.757826,3,positive
1752576206.5420713,1752576206.540981,103,positive
1752576222.8591862,1752576222.8581524,2,neutral
1752576254.756454,1752576254.7542892,102,neutral
1752576271.0554938,1752576271.0554938,1,negative
1752576301.0341103,1752576301.0320206,101,negative
1752576317.310905,1752576317.3099058,2,neutral
1752576348.6933115,1752576348.6933115,102,neutral
1752576348.816469,1752576348.816469,5,resting
1752576648.931303,1752576648.928887,105,resting
1752576648.9798074,1752576648.9787965,200,resting
1752634373.0170443,1752634373.0160415,1,resting
1752634375.6123056,1752634375.611299,100,resting
1752634392.2660518,1752634392.265049,3,positive
1752634425.0560346,1752634425.055008,103,positive
1752634441.300285,1752634441.2987833,2,neutral
1752634472.886289,1752634472.8840036,102,neutral
1752634489.113424,1752634489.113424,1,negative
1752634520.4741998,1752634520.4721043,101,negative
1752634536.736816,1752634536.736816,2,neutral
1752634571.0108132,1752634571.00921,102,neutral
1752634587.2710958,1752634587.270095,3,positive
1752634623.0666723,1752634623.0650437,103,positive
1752634639.2874563,1752634639.285378,2,neutral
1752634670.155769,1752634670.154559,102,neutral
1752634686.3836167,1752634686.3826199,1,negative
1752634718.5568929,1752634718.5568929,101,negative
1752634734.780406,1752634734.7793963,2,neutral
1752634767.0541675,1752634767.052106,102,neutral
1752634783.290496,1752634783.2894878,3,positive
1752634814.6641512,1752634814.662831,103,positive
1752634830.867321,1752634830.865809,2,neutral
1752634862.6553903,1752634862.6529825,102,neutral
1752634878.8487313,1752634878.8472204,1,negative
1752634909.41087,1752634909.4102771,101,negative
1752634925.6089146,1752634925.607393,2,neutral
1752634956.1720095,1752634956.1710017,102,neutral
1752634972.4475298,1752634972.4475298,3,positive
1752634999.69096,1752634999.689902,103,positive
1752635016.2509353,1752635016.2506182,2,neutral
1752635047.4332178,1752635047.4322112,102,neutral
1752635063.514845,1752635063.5133796,1,negative
1752635098.1037052,1752635098.1027,101,negative
1752635114.359386,1752635114.359386,2,neutral
1752635145.5274763,1752635145.5253189,102,neutral
1752635161.7258294,1752635161.7258294,3,positive
1752635193.003186,1752635193.0014925,103,positive
1752635209.2655072,1752635209.2655072,2,neutral
1752635209.3669784,1752635209.3659348,102,neutral
1752635225.2596982,1752635225.2596982,1,negative
1752635263.7697542,1752635263.7691743,101,negative
1752635279.9638455,1752635279.9628396,2,neutral
1752635312.9514005,1752635312.9488146,102,neutral
1752635313.1887877,1752635313.1878266,5,resting
1752635613.3119965,1752635613.3104732,105,resting
1752635613.3694222,1752635613.3689072,200,resting
1761614887.4582498,1761614887.4567475,1,resting
1761614890.0926144,1761614890.091617,100,resting
1761614908.3134632,1761614908.3124661,3,positive
1761614941.2920744,1761614941.2920744,103,positive
1761614957.625457,1761614957.625457,2,neutral
1761614990.9375546,1761614990.9375546,102,neutral
1761615007.4024627,1761615007.4024627,1,negative
1761615042.196284,1761615042.196284,101,negative
1761615058.6446981,1761615058.6431916,2,neutral
1761615091.2277668,1761615091.2277668,102,neutral
1761615108.9718444,1761615108.9708426,3,positive
1761616247.223791,1761616247.221412,1,resting
1761616249.3495152,1761616249.3485103,100,resting
1761616266.1638627,1761616266.1638627,3,positive
1761616299.5453303,1761616299.5453303,103,positive
1761616299.7311332,1761616299.729873,2,neutral
1761616428.9598317,1761616428.958816,1,resting
1761616430.915967,1761616430.915967,100,resting
1761616447.2419102,1761616447.2419102,3,positive
1761616483.2395387,1761616483.2395387,103,positive
1761616483.4406745,1761616483.4406745,2,neutral
1761616514.9105144,1761616514.9105144,102,neutral
1761616531.1296349,1761616531.1296349,1,negative
1761616561.795785,1761616561.795785,101,negative
1761616562.012717,1761616562.012717,2,neutral
1761616594.4262505,1761616594.4262505,102,neutral
1761616610.6696367,1761616610.6696367,3,positive
1761616642.1298206,1761616642.1298206,103,positive
1761616658.3722677,1761616658.3707793,2,neutral
1761616690.246915,1761616690.246915,102,neutral
1761616706.4740531,1761616706.4730427,1,negative
1761616738.0395458,1761616738.0395458,101,negative
1761616754.2517514,1761616754.2517514,2,neutral
1761616784.9214873,1761616784.9214873,102,neutral
1761616801.154336,1761616801.154336,3,positive
1761616828.502836,1761616828.502836,103,positive
1761616844.7329426,1761616844.73194,2,neutral
1761616876.5044935,1761616876.5044935,102,neutral
1761616892.945409,1761616892.945409,1,negative
1761616929.2410266,1761616929.2410266,101,negative
1761616945.4569147,1761616945.4569147,2,neutral
1761616976.4297993,1761616976.4297993,102,neutral
1761616992.554619,1761616992.5536225,3,positive
1761617024.130652,1761617024.130652,103,positive
1761617040.354842,1761617040.3538458,2,neutral
1761617074.8381739,1761617074.8381739,102,neutral
1761617091.0635958,1761617091.0622032,1,negative
1761617130.1611981,1761617130.1611981,101,negative
1761617146.377835,1761617146.377835,2,neutral
1761617178.5505579,1761617178.5505579,102,neutral
1761617194.7647953,1761617194.7647953,3,positive
1761617227.6393464,1761617227.6393464,103,positive
1761617243.8607173,1761617243.8607173,2,neutral
1761617275.1371467,1761617275.1371467,102,neutral
1761617291.3761208,1761617291.3761208,1,negative
1761617326.0583708,1761617326.0583708,101,negative
1761617342.277669,1761617342.277669,2,neutral
1761617375.3736424,1761617375.3736424,102,neutral
1764827207.6962626,1764827207.6962626,1,resting
1764827212.8852682,1764827212.8852682,100,resting
1764827394.8067236,1764827394.8054569,1,resting
1764827403.7074842,1764827403.7074842,100,resting
1764827419.9339862,1764827419.9339862,3,positive
