
2025-07-14 21:44:27,380 - 视频名称: Neutral_2.mp4, 播放时长: 31.29秒, 情绪类别: neutral, 标签值: 2
2025-07-14 21:45:19,935 - 视频名称: sims_Positive_3.mp4, 播放时长: 36.11秒, 情绪类别: positive, 标签值: 3
2025-07-14 21:53:33,754 - 视频名称: sims_Negative_1.mp4, 播放时长: 36.71秒, 情绪类别: negative, 标签值: 1
2025-07-14 21:54:20,496 - 视频名称: sims_Negative_5.mp4, 播放时长: 30.28秒, 情绪类别: negative, 标签值: 1
2025-07-14 21:55:10,049 - 视频名称: sims_Positive_1.mp4, 播放时长: 33.09秒, 情绪类别: positive, 标签值: 3
2025-07-14 21:55:59,767 - 视频名称: Neutral_1.mp4, 播放时长: 33.28秒, 情绪类别: neutral, 标签值: 2
2025-07-14 21:56:50,125 - 视频名称: sims_Negative_2.mp4, 播放时长: 33.89秒, 情绪类别: negative, 标签值: 1
2025-07-14 21:57:37,426 - 视频名称: Neutral_4.mp4, 播放时长: 30.86秒, 情绪类别: neutral, 标签值: 2
2025-07-14 21:58:24,044 - 视频名称: sims_Negative_3.mp4, 播放时长: 30.17秒, 情绪类别: negative, 标签值: 1
2025-07-14 21:59:12,642 - 视频名称: Neutral_5.mp4, 播放时长: 32.08秒, 情绪类别: neutral, 标签值: 2
2025-07-14 21:59:56,781 - 视频名称: sims_Positive_2.mp4, 播放时长: 27.56秒, 情绪类别: positive, 标签值: 3
2025-07-14 22:00:44,276 - 视频名称: Neutral_2.mp4, 播放时长: 31.07秒, 情绪类别: neutral, 标签值: 2
2025-07-14 22:01:44,275 - 视频名称: sims_Negative_4.mp4, 播放时长: 43.54秒, 情绪类别: negative, 标签值: 1
2025-07-14 22:02:36,899 - 视频名称: sims_Positive_3.mp4, 播放时长: 36.19秒, 情绪类别: positive, 标签值: 3
2025-07-14 22:03:25,745 - 视频名称: Neutral_6.mp4, 播放时长: 32.38秒, 情绪类别: neutral, 标签值: 2
2025-07-14 22:04:13,935 - 视频名称: sims_Positive_4.mp4, 播放时长: 31.70秒, 情绪类别: positive, 标签值: 3
2025-07-14 22:05:02,285 - 视频名称: sims_Positive_5.mp4, 播放时长: 31.78秒, 情绪类别: positive, 标签值: 3

#2025_07_14_22_19_14_fnris 志航
2025-07-14 22:27:04,683 - 视频名称: SEED-IV-Neutral5.mp4, 播放时长: 32.68秒, 情绪类别: neutral, 标签值: 2
2025-07-14 22:27:48,567 - 视频名称: sims_Positive_2.mp4, 播放时长: 27.45秒, 情绪类别: positive, 标签值: 3
2025-07-14 22:28:36,682 - 视频名称: sims_Positive_4.mp4, 播放时长: 31.68秒, 情绪类别: positive, 标签值: 3
2025-07-14 22:29:24,700 - 视频名称: SEED-IV-Neutral3.mp4, 播放时长: 31.58秒, 情绪类别: neutral, 标签值: 2
2025-07-14 22:30:17,237 - 视频名称: sims_Positive_3.mp4, 播放时长: 36.11秒, 情绪类别: positive, 标签值: 3
2025-07-14 22:31:03,934 - 视频名称: sims_Negative_5.mp4, 播放时长: 30.27秒, 情绪类别: negative, 标签值: 1
2025-07-14 22:31:50,469 - 视频名称: sims_Negative_3.mp4, 播放时长: 30.09秒, 情绪类别: negative, 标签值: 1
2025-07-14 22:32:38,679 - 视频名称: sims_Positive_5.mp4, 播放时长: 31.77秒, 情绪类别: positive, 标签值: 3
2025-07-14 22:33:38,619 - 视频名称: sims_Negative_4.mp4, 播放时长: 43.53秒, 情绪类别: negative, 标签值: 1
2025-07-14 22:34:26,576 - 视频名称: SEED-IV-Neutral2.mp4, 播放时长: 31.48秒, 情绪类别: neutral, 标签值: 2
2025-07-14 22:35:16,071 - 视频名称: sims_Positive_1.mp4, 播放时长: 33.08秒, 情绪类别: positive, 标签值: 3
2025-07-14 22:36:04,388 - 视频名称: SEED-IV-Neutral4.mp4, 播放时长: 31.88秒, 情绪类别: neutral, 标签值: 2
2025-07-14 22:36:55,457 - 视频名称: SEED-IV-Neutral1.mp4, 播放时长: 34.60秒, 情绪类别: neutral, 标签值: 2
2025-07-14 22:37:48,610 - 视频名称: sims_Negative_1.mp4, 播放时长: 36.70秒, 情绪类别: negative, 标签值: 1
2025-07-14 22:38:38,928 - 视频名称: sims_Negative_2.mp4, 播放时长: 33.89秒, 情绪类别: negative, 标签值: 1

#2025_07_15_11_33_53_fnris 伍骞
2025-07-15 11:42:58,279 - 视频名称: SEED-IV-Neutral4.mp4, 播放时长: 31.79秒, 情绪类别: neutral, 标签值: 2
2025-07-15 11:43:50,853 - 视频名称: sims_Positive_3.mp4, 播放时长: 36.10秒, 情绪类别: positive, 标签值: 3
2025-07-15 11:44:40,372 - 视频名称: sims_Positive_1.mp4, 播放时长: 33.08秒, 情绪类别: positive, 标签值: 3
2025-07-15 11:45:40,130 - 视频名称: sims_Negative_4.mp4, 播放时长: 43.35秒, 情绪类别: negative, 标签值: 1
2025-07-15 11:46:31,100 - 视频名称: SEED-IV-Neutral1.mp4, 播放时长: 34.51秒, 情绪类别: neutral, 标签值: 2
2025-07-15 11:47:17,626 - 视频名称: sims_Negative_5.mp4, 播放时长: 30.07秒, 情绪类别: negative, 标签值: 1
2025-07-15 11:48:01,431 - 视频名称: sims_Positive_2.mp4, 播放时长: 27.35秒, 情绪类别: positive, 标签值: 3
2025-07-15 11:48:49,389 - 视频名称: sims_Positive_4.mp4, 播放时长: 31.49秒, 情绪类别: positive, 标签值: 3
2025-07-15 11:49:42,505 - 视频名称: sims_Negative_1.mp4, 播放时长: 36.61秒, 情绪类别: negative, 标签值: 1
2025-07-15 11:50:31,467 - 视频名称: SEED-IV-Neutral5.mp4, 播放时长: 32.57秒, 情绪类别: neutral, 标签值: 2
2025-07-15 11:51:21,599 - 视频名称: sims_Negative_2.mp4, 播放时长: 33.78秒, 情绪类别: negative, 标签值: 1
2025-07-15 11:52:08,039 - 视频名称: sims_Negative_3.mp4, 播放时长: 29.97秒, 情绪类别: negative, 标签值: 1
2025-07-15 11:52:55,987 - 视频名称: SEED-IV-Neutral3.mp4, 播放时长: 31.48秒, 情绪类别: neutral, 标签值: 2
2025-07-15 11:53:43,773 - 视频名称: SEED-IV-Neutral2.mp4, 播放时长: 31.37秒, 情绪类别: neutral, 标签值: 2
2025-07-15 11:54:31,905 - 视频名称: sims_Positive_5.mp4, 播放时长: 31.58秒, 情绪类别: positive, 标签值: 3


#2025_07_15_20_29_07_fnris 陆晔1（标签打了很多，取后20个）
2025-07-15 21:17:30,499 - 视频名称: sims_Positive_1.mp4, 播放时长: 32.66秒, 情绪类别: positive, 标签值: 3
2025-07-15 21:18:20,014 - 视频名称: Neutral_1.mp4, 播放时长: 33.20秒, 情绪类别: neutral, 标签值: 2
2025-07-15 21:19:06,259 - 视频名称: sims_Negative_5.mp4, 播放时长: 30.10秒, 情绪类别: negative, 标签值: 1
2025-07-15 21:19:55,434 - 视频名称: SEED-IV-Neutral5.mp4, 播放时长: 32.51秒, 情绪类别: neutral, 标签值: 2
2025-07-15 21:20:47,712 - 视频名称: sims_Positive_3.mp4, 播放时长: 35.94秒, 情绪类别: positive, 标签值: 3
2025-07-15 21:21:34,623 - 视频名称: Neutral_4.mp4, 播放时长: 30.64秒, 情绪类别: neutral, 标签值: 2
2025-07-15 21:22:20,751 - 视频名称: sims_Negative_3.mp4, 播放时长: 29.86秒, 情绪类别: negative, 标签值: 1
2025-07-15 21:23:11,458 - 视频名称: SEED-IV-Neutral1.mp4, 播放时长: 34.47秒, 情绪类别: neutral, 标签值: 2
2025-07-15 21:23:59,707 - 视频名称: sims_Positive_5.mp4, 播放时长: 31.62秒, 情绪类别: positive, 标签值: 3
2025-07-15 21:24:47,952 - 视频名称: Neutral_5.mp4, 播放时长: 31.88秒, 情绪类别: neutral, 标签值: 2
2025-07-15 21:25:40,892 - 视频名称: sims_Negative_1.mp4, 播放时长: 36.61秒, 情绪类别: negative, 标签值: 1
2025-07-15 21:26:28,538 - 视频名称: SEED-IV-Neutral3.mp4, 播放时长: 31.41秒, 情绪类别: neutral, 标签值: 2
2025-07-15 21:27:16,273 - 视频名称: sims_Positive_4.mp4, 播放时长: 31.43秒, 情绪类别: positive, 标签值: 3
2025-07-15 21:28:03,789 - 视频名称: Neutral_2.mp4, 播放时长: 31.22秒, 情绪类别: neutral, 标签值: 2
2025-07-15 21:28:53,829 - 视频名称: sims_Negative_2.mp4, 播放时长: 33.75秒, 情绪类别: negative, 标签值: 1
#少了个试次
2025-07-15 21:29:10,353 - 视频名称: Neutral_3.mp4, 播放时长: 0.10秒, 情绪类别: neutral, 标签值: 2
2025-07-15 21:29:53,626 - 视频名称: sims_Positive_2.mp4, 播放时长: 27.31秒, 情绪类别: positive, 标签值: 3
2025-07-15 21:30:41,316 - 视频名称: SEED-IV-Neutral2.mp4, 播放时长: 31.32秒, 情绪类别: neutral, 标签值: 2
2025-07-15 21:31:40,934 - 视频名称: sims_Negative_4.mp4, 播放时长: 43.24秒, 情绪类别: negative, 标签值: 1
2025-07-15 21:32:28,926 - 视频名称: SEED-IV-Neutral4.mp4, 播放时长: 31.68秒, 情绪类别: neutral, 标签值: 2

#2025_07_15_21_50_07_fnris 陆晔2(取前15个)
2025-07-15 21:51:19,715 - 视频名称: sims_Positive_4.mp4, 播放时长: 31.22秒, 情绪类别: positive, 标签值: 3
2025-07-15 21:52:07,803 - 视频名称: Neutral_5.mp4, 播放时长: 31.81秒, 情绪类别: neutral, 标签值: 2
2025-07-15 21:52:53,955 - 视频名称: sims_Negative_3.mp4, 播放时长: 29.85秒, 情绪类别: negative, 标签值: 1
2025-07-15 21:53:42,395 - 视频名称: Neutral_6.mp4, 播放时长: 32.15秒, 情绪类别: neutral, 标签值: 2
2025-07-15 21:54:30,330 - 视频名称: sims_Positive_5.mp4, 播放时长: 31.64秒, 情绪类别: positive, 标签值: 3
2025-07-15 21:55:17,549 - 视频名称: Neutral_2.mp4, 播放时长: 30.98秒, 情绪类别: neutral, 标签值: 2
2025-07-15 21:56:10,350 - 视频名称: sims_Negative_1.mp4, 播放时长: 36.48秒, 情绪类别: negative, 标签值: 1
2025-07-15 21:56:58,339 - 视频名称: SEED-IV-Neutral4.mp4, 播放时长: 31.66秒, 情绪类别: neutral, 标签值: 2
2025-07-15 21:57:50,788 - 视频名称: sims_Positive_3.mp4, 播放时长: 36.06秒, 情绪类别: positive, 标签值: 3
2025-07-15 21:58:40,384 - 视频名称: Neutral_1.mp4, 播放时长: 33.21秒, 情绪类别: neutral, 标签值: 2
2025-07-15 21:59:26,775 - 视频名称: sims_Negative_5.mp4, 播放时长: 29.99秒, 情绪类别: negative, 标签值: 1
2025-07-15 22:00:14,360 - 视频名称: SEED-IV-Neutral2.mp4, 播放时长: 31.24秒, 情绪类别: neutral, 标签值: 2
2025-07-15 22:01:03,426 - 视频名称: sims_Positive_1.mp4, 播放时长: 32.79秒, 情绪类别: positive, 标签值: 3
2025-07-15 22:01:50,418 - 视频名称: Neutral_4.mp4, 播放时长: 30.75秒, 情绪类别: neutral, 标签值: 2
2025-07-15 22:02:50,080 - 视频名称: sims_Negative_4.mp4, 播放时长: 43.39秒, 情绪类别: negative, 标签值: 1
2025-07-15 22:03:38,120 - 视频名称: SEED-IV-Neutral3.mp4, 播放时长: 31.48秒, 情绪类别: neutral, 标签值: 2
2025-07-15 22:04:21,551 - 视频名称: sims_Positive_2.mp4, 播放时长: 27.23秒, 情绪类别: positive, 标签值: 3


2025-10-28 09:29:01,292 - 视频名称: sims_Positive_1.mp4, 播放时长: 32.98秒, 情绪类别: positive, 标签值: 3
2025-10-28 09:29:50,937 - 视频名称: Neutral_1.mp4, 播放时长: 33.31秒, 情绪类别: neutral, 标签值: 2
2025-10-28 09:30:42,196 - 视频名称: SEED-IV-Negative2.mp4, 播放时长: 34.79秒, 情绪类别: negative, 标签值: 1
2025-10-28 09:31:31,227 - 视频名称: SEED-IV-Neutral5.mp4, 播放时长: 32.58秒, 情绪类别: neutral, 标签值: 2
2025-10-28 09:51:39,545 - 视频名称: sims_Positive_1.mp4, 播放时长: 33.38秒, 情绪类别: positive, 标签值: 3
2025-10-28 09:54:43,239 - 视频名称: sims_Positive_3.mp4, 播放时长: 36.00秒, 情绪类别: positive, 标签值: 3
2025-10-28 09:55:14,910 - 视频名称: SEED-IV-Neutral3.mp4, 播放时长: 31.47秒, 情绪类别: neutral, 标签值: 2
2025-10-28 09:56:01,795 - 视频名称: SEED-IV-Negative4.mp4, 播放时长: 30.67秒, 情绪类别: negative, 标签值: 1
2025-10-28 09:56:34,426 - 视频名称: SEED-IV-Neutral5.mp4, 播放时长: 32.41秒, 情绪类别: neutral, 标签值: 2
2025-10-28 09:57:22,129 - 视频名称: sims_Positive_4.mp4, 播放时长: 31.46秒, 情绪类别: positive, 标签值: 3
2025-10-28 09:58:10,246 - 视频名称: Neutral_5.mp4, 播放时长: 31.87秒, 情绪类别: neutral, 标签值: 2
2025-10-28 09:58:58,039 - 视频名称: SEED-IV-Negative5.mp4, 播放时长: 31.57秒, 情绪类别: negative, 标签值: 1
2025-10-28 09:59:44,921 - 视频名称: Neutral_4.mp4, 播放时长: 30.67秒, 情绪类别: neutral, 标签值: 2
2025-10-28 10:00:28,502 - 视频名称: sims_Positive_2.mp4, 播放时长: 27.35秒, 情绪类别: positive, 标签值: 3
2025-10-28 10:01:16,504 - 视频名称: SEED-IV-Neutral4.mp4, 播放时长: 31.77秒, 情绪类别: neutral, 标签值: 2
2025-10-28 10:02:09,241 - 视频名称: SEED-IV-Negative1.mp4, 播放时长: 36.30秒, 情绪类别: negative, 标签值: 1
2025-10-28 10:02:56,429 - 视频名称: Neutral_2.mp4, 播放时长: 30.97秒, 情绪类别: neutral, 标签值: 2
2025-10-28 10:03:44,130 - 视频名称: sims_Positive_5.mp4, 播放时长: 31.58秒, 情绪类别: positive, 标签值: 3
2025-10-28 10:04:34,838 - 视频名称: SEED-IV-Neutral1.mp4, 播放时长: 34.48秒, 情绪类别: neutral, 标签值: 2
2025-10-28 10:05:30,161 - 视频名称: SEED-IV-Negative3.mp4, 播放时长: 39.10秒, 情绪类别: negative, 标签值: 1
2025-10-28 10:06:18,550 - 视频名称: Neutral_3.mp4, 播放时长: 32.17秒, 情绪类别: neutral, 标签值: 2
2025-10-28 10:07:07,639 - 视频名称: sims_Positive_1.mp4, 播放时长: 32.87秒, 情绪类别: positive, 标签值: 3
2025-10-28 10:07:55,137 - 视频名称: SEED-IV-Neutral2.mp4, 播放时长: 31.28秒, 情绪类别: neutral, 标签值: 2
2025-10-28 10:08:46,058 - 视频名称: SEED-IV-Negative2.mp4, 播放时长: 34.68秒, 情绪类别: negative, 标签值: 1
2025-10-28 10:09:35,373 - 视频名称: Neutral_1.mp4, 播放时长: 33.10秒, 情绪类别: neutral, 标签值: 2
2025-10-28 11:28:20,693 - 视频名称: sims_Positive_4.mp4, 播放时长: 31.48秒, 情绪类别: positive, 标签值: 3
2025-10-28 11:29:09,611 - 视频名称: SEED-IV-Neutral5.mp4, 播放时长: 32.37秒, 情绪类别: neutral, 标签值: 2
2025-10-28 11:30:01,025 - 视频名称: SEED-IV-Negative2.mp4, 播放时长: 34.89秒, 情绪类别: negative, 标签值: 1
2025-10-28 11:30:49,580 - 视频名称: SEED-IV-Neutral4.mp4, 播放时长: 31.89秒, 情绪类别: neutral, 标签值: 2
2025-10-28 11:31:42,135 - 视频名称: sims_Positive_3.mp4, 播放时长: 36.10秒, 情绪类别: positive, 标签值: 3
2025-10-28 11:32:29,765 - 视频名称: Neutral_2.mp4, 播放时长: 31.17秒, 情绪类别: neutral, 标签值: 2
2025-10-28 11:33:18,109 - 视频名称: SEED-IV-Negative5.mp4, 播放时长: 31.77秒, 情绪类别: negative, 标签值: 1
2025-10-28 11:34:06,179 - 视频名称: SEED-IV-Neutral2.mp4, 播放时长: 31.46秒, 情绪类别: neutral, 标签值: 2
2025-10-28 11:34:55,729 - 视频名称: sims_Positive_1.mp4, 播放时长: 33.08秒, 情绪类别: positive, 标签值: 3
2025-10-28 11:35:44,731 - 视频名称: Neutral_3.mp4, 播放时长: 32.48秒, 情绪类别: neutral, 标签值: 2
2025-10-28 11:36:32,053 - 视频名称: SEED-IV-Negative4.mp4, 播放时长: 30.87秒, 情绪类别: negative, 标签值: 1
2025-10-28 11:37:20,115 - 视频名称: SEED-IV-Neutral3.mp4, 播放时长: 31.56秒, 情绪类别: neutral, 标签值: 2
2025-10-28 11:38:04,245 - 视频名称: sims_Positive_2.mp4, 播放时长: 27.56秒, 情绪类别: positive, 标签值: 3
2025-10-28 11:38:51,565 - 视频名称: Neutral_4.mp4, 播放时长: 30.87秒, 情绪类别: neutral, 标签值: 2
2025-10-28 11:39:40,603 - 视频名称: SEED-IV-Negative1.mp4, 播放时长: 32.58秒, 情绪类别: negative, 标签值: 1
2025-10-28 11:40:29,268 - 视频名称: Neutral_5.mp4, 播放时长: 32.08秒, 情绪类别: neutral, 标签值: 2
2025-10-28 11:41:17,377 - 视频名称: sims_Positive_5.mp4, 播放时长: 31.69秒, 情绪类别: positive, 标签值: 3
2025-10-28 11:42:07,278 - 视频名称: Neutral_1.mp4, 播放时长: 33.38秒, 情绪类别: neutral, 标签值: 2
2025-10-28 11:43:02,673 - 视频名称: SEED-IV-Negative3.mp4, 播放时长: 38.90秒, 情绪类别: negative, 标签值: 1
2025-10-28 11:43:53,877 - 视频名称: SEED-IV-Neutral1.mp4, 播放时长: 34.60秒, 情绪类别: neutral, 标签值: 2
2025-10-28 15:22:12,373 - 视频名称: sims_Positive_5.mp4, 播放时长: 31.77秒, 情绪类别: positive, 标签值: 3
2025-10-28 15:23:00,969 - 视频名称: Neutral_5.mp4, 播放时长: 32.08秒, 情绪类别: neutral, 标签值: 2
2025-10-28 15:23:50,068 - 视频名称: SEED-IV-Negative1.mp4, 播放时长: 32.48秒, 情绪类别: negative, 标签值: 1
2025-10-28 15:24:39,994 - 视频名称: Neutral_1.mp4, 播放时长: 33.38秒, 情绪类别: neutral, 标签值: 2
2025-10-28 15:25:29,694 - 视频名称: sims_Positive_1.mp4, 播放时长: 33.18秒, 情绪类别: positive, 标签值: 3
2025-10-28 15:26:20,855 - 视频名称: SEED-IV-Neutral1.mp4, 播放时长: 34.59秒, 情绪类别: neutral, 标签值: 2
2025-10-28 15:27:12,317 - 视频名称: SEED-IV-Negative2.mp4, 播放时长: 34.89秒, 情绪类别: negative, 标签值: 1
2025-10-28 15:28:00,346 - 视频名称: SEED-IV-Neutral2.mp4, 播放时长: 31.48秒, 情绪类别: neutral, 标签值: 2
2025-10-28 15:28:52,982 - 视频名称: sims_Positive_3.mp4, 播放时长: 36.09秒, 情绪类别: positive, 标签值: 3
2025-10-28 15:29:41,906 - 视频名称: Neutral_3.mp4, 播放时长: 32.39秒, 情绪类别: neutral, 标签值: 2
2025-10-28 15:30:29,278 - 视频名称: SEED-IV-Negative4.mp4, 播放时长: 30.87秒, 情绪类别: negative, 标签值: 1
2025-10-28 15:31:16,711 - 视频名称: Neutral_4.mp4, 播放时长: 30.88秒, 情绪类别: neutral, 标签值: 2
2025-10-28 15:32:00,723 - 视频名称: sims_Positive_2.mp4, 播放时长: 27.45秒, 情绪类别: positive, 标签值: 3
2025-10-28 15:32:48,807 - 视频名称: SEED-IV-Neutral3.mp4, 播放时长: 31.59秒, 情绪类别: neutral, 标签值: 2
2025-10-28 15:33:37,038 - 视频名称: SEED-IV-Negative5.mp4, 播放时长: 31.68秒, 情绪类别: negative, 标签值: 1
2025-10-28 15:34:26,142 - 视频名称: SEED-IV-Neutral5.mp4, 播放时长: 32.57秒, 情绪类别: neutral, 标签值: 2
2025-10-28 15:35:14,290 - 视频名称: sims_Positive_4.mp4, 播放时长: 31.57秒, 情绪类别: positive, 标签值: 3
2025-10-28 15:36:02,740 - 视频名称: SEED-IV-Neutral4.mp4, 播放时长: 31.88秒, 情绪类别: neutral, 标签值: 2
2025-10-28 15:36:58,183 - 视频名称: SEED-IV-Negative3.mp4, 播放时长: 38.91秒, 情绪类别: negative, 标签值: 1
2025-10-28 15:37:45,707 - 视频名称: Neutral_2.mp4, 播放时长: 31.07秒, 情绪类别: neutral, 标签值: 2
2025-10-28 15:48:46,059 - 视频名称: sims_Positive_3.mp4, 播放时长: 36.10秒, 情绪类别: positive, 标签值: 3
2025-10-28 15:49:34,060 - 视频名称: SEED-IV-Neutral2.mp4, 播放时长: 31.47秒, 情绪类别: neutral, 标签值: 2
2025-10-28 15:50:25,425 - 视频名称: SEED-IV-Negative2.mp4, 播放时长: 34.88秒, 情绪类别: negative, 标签值: 1
2025-10-28 15:51:14,496 - 视频名称: SEED-IV-Neutral5.mp4, 播放时长: 32.57秒, 情绪类别: neutral, 标签值: 2
2025-10-28 15:51:58,460 - 视频名称: sims_Positive_2.mp4, 播放时长: 27.45秒, 情绪类别: positive, 标签值: 3
2025-10-28 15:52:47,320 - 视频名称: Neutral_3.mp4, 播放时长: 32.37秒, 情绪类别: neutral, 标签值: 2
2025-10-28 15:53:36,340 - 视频名称: SEED-IV-Negative1.mp4, 播放时长: 32.49秒, 情绪类别: negative, 标签值: 1
2025-10-28 15:54:24,425 - 视频名称: SEED-IV-Neutral3.mp4, 播放时长: 31.46秒, 情绪类别: neutral, 标签值: 2
2025-10-28 15:55:13,979 - 视频名称: sims_Positive_1.mp4, 播放时长: 33.08秒, 情绪类别: positive, 标签值: 3
2025-10-28 15:56:02,558 - 视频名称: Neutral_5.mp4, 播放时长: 32.08秒, 情绪类别: neutral, 标签值: 2
2025-10-28 15:56:49,867 - 视频名称: SEED-IV-Negative4.mp4, 播放时长: 30.86秒, 情绪类别: negative, 标签值: 1
2025-10-28 15:57:39,844 - 视频名称: Neutral_1.mp4, 播放时长: 33.38秒, 情绪类别: neutral, 标签值: 2
2025-10-28 15:58:28,023 - 视频名称: sims_Positive_5.mp4, 播放时长: 31.67秒, 情绪类别: positive, 标签值: 3
2025-10-28 15:59:19,127 - 视频名称: SEED-IV-Neutral1.mp4, 播放时长: 34.59秒, 情绪类别: neutral, 标签值: 2
2025-10-28 16:00:07,331 - 视频名称: SEED-IV-Negative5.mp4, 播放时长: 31.67秒, 情绪类别: negative, 标签值: 1
2025-10-28 16:00:54,685 - 视频名称: Neutral_4.mp4, 播放时长: 30.86秒, 情绪类别: neutral, 标签值: 2
2025-10-28 16:01:42,880 - 视频名称: sims_Positive_4.mp4, 播放时长: 31.67秒, 情绪类别: positive, 标签值: 3
2025-10-28 16:02:30,554 - 视频名称: Neutral_2.mp4, 播放时长: 31.17秒, 情绪类别: neutral, 标签值: 2
2025-10-28 16:03:25,877 - 视频名称: SEED-IV-Negative3.mp4, 播放时长: 38.81秒, 情绪类别: negative, 标签值: 1
2025-10-28 16:04:14,275 - 视频名称: SEED-IV-Neutral4.mp4, 播放时长: 31.87秒, 情绪类别: neutral, 标签值: 2
2025-10-28 16:39:38,807 - 视频名称: sims_Positive_3.mp4, 播放时长: 36.10秒, 情绪类别: positive, 标签值: 3
2025-10-28 16:40:26,197 - 视频名称: Neutral_4.mp4, 播放时长: 30.88秒, 情绪类别: neutral, 标签值: 2
2025-10-28 16:41:14,465 - 视频名称: SEED-IV-Negative5.mp4, 播放时长: 31.76秒, 情绪类别: negative, 标签值: 1
2025-10-28 16:42:02,885 - 视频名称: SEED-IV-Neutral4.mp4, 播放时长: 31.88秒, 情绪类别: neutral, 标签值: 2
2025-10-28 16:42:50,976 - 视频名称: sims_Positive_4.mp4, 播放时长: 31.56秒, 情绪类别: positive, 标签值: 3
2025-10-28 16:43:40,081 - 视频名称: SEED-IV-Neutral5.mp4, 播放时长: 32.58秒, 情绪类别: neutral, 标签值: 2
2025-10-28 16:44:27,459 - 视频名称: SEED-IV-Negative4.mp4, 播放时长: 30.87秒, 情绪类别: negative, 标签值: 1
2025-10-28 16:45:15,198 - 视频名称: Neutral_2.mp4, 播放时长: 31.26秒, 情绪类别: neutral, 标签值: 2
2025-10-28 16:46:03,457 - 视频名称: sims_Positive_5.mp4, 播放时长: 31.75秒, 情绪类别: positive, 标签值: 3
2025-10-28 16:46:51,451 - 视频名称: SEED-IV-Neutral3.mp4, 播放时长: 31.47秒, 情绪类别: neutral, 标签值: 2
2025-10-28 16:47:46,783 - 视频名称: SEED-IV-Negative3.mp4, 播放时长: 38.81秒, 情绪类别: negative, 标签值: 1
2025-10-28 16:48:35,657 - 视频名称: Neutral_3.mp4, 播放时长: 32.38秒, 情绪类别: neutral, 标签值: 2
2025-10-28 16:49:19,604 - 视频名称: sims_Positive_2.mp4, 播放时长: 27.44秒, 情绪类别: positive, 标签值: 3
2025-10-28 16:50:10,654 - 视频名称: SEED-IV-Neutral1.mp4, 播放时长: 34.58秒, 情绪类别: neutral, 标签值: 2
2025-10-28 16:50:59,621 - 视频名称: SEED-IV-Negative1.mp4, 播放时长: 32.48秒, 情绪类别: negative, 标签值: 1
2025-10-28 16:51:47,556 - 视频名称: SEED-IV-Neutral2.mp4, 播放时长: 31.46秒, 情绪类别: neutral, 标签值: 2
2025-10-28 16:52:37,224 - 视频名称: sims_Positive_1.mp4, 播放时长: 33.16秒, 情绪类别: positive, 标签值: 3
2025-10-28 16:53:25,794 - 视频名称: Neutral_5.mp4, 播放时长: 32.07秒, 情绪类别: neutral, 标签值: 2
2025-10-28 16:54:17,168 - 视频名称: SEED-IV-Negative2.mp4, 播放时长: 34.88秒, 情绪类别: negative, 标签值: 1
2025-10-28 16:55:06,883 - 视频名称: Neutral_1.mp4, 播放时长: 33.27秒, 情绪类别: neutral, 标签值: 2
2025-10-28 17:06:22,451 - 视频名称: sims_Positive_4.mp4, 播放时长: 31.65秒, 情绪类别: positive, 标签值: 3
2025-10-28 17:07:10,122 - 视频名称: Neutral_2.mp4, 播放时长: 31.16秒, 情绪类别: neutral, 标签值: 2
2025-10-28 17:08:01,510 - 视频名称: SEED-IV-Negative2.mp4, 播放时长: 34.88秒, 情绪类别: negative, 标签值: 1
2025-10-28 17:08:50,373 - 视频名称: Neutral_3.mp4, 播放时长: 32.38秒, 情绪类别: neutral, 标签值: 2
2025-10-28 17:09:38,651 - 视频名称: sims_Positive_5.mp4, 播放时长: 31.76秒, 情绪类别: positive, 标签值: 3
2025-10-28 17:10:28,491 - 视频名称: Neutral_1.mp4, 播放时长: 33.38秒, 情绪类别: neutral, 标签值: 2
2025-10-28 17:11:16,717 - 视频名称: SEED-IV-Negative5.mp4, 播放时长: 31.68秒, 情绪类别: negative, 标签值: 1
2025-10-28 17:12:05,377 - 视频名称: Neutral_5.mp4, 播放时长: 32.06秒, 情绪类别: neutral, 标签值: 2
2025-10-28 17:12:54,956 - 视频名称: sims_Positive_1.mp4, 播放时长: 33.07秒, 情绪类别: positive, 标签值: 3
2025-10-28 17:13:46,065 - 视频名称: SEED-IV-Neutral1.mp4, 播放时长: 34.58秒, 情绪类别: neutral, 标签值: 2
2025-10-28 17:14:35,062 - 视频名称: SEED-IV-Negative1.mp4, 播放时长: 32.47秒, 情绪类别: negative, 标签值: 1
2025-10-28 17:15:23,539 - 视频名称: SEED-IV-Neutral4.mp4, 播放时长: 31.97秒, 情绪类别: neutral, 标签值: 2
2025-10-28 17:16:07,574 - 视频名称: sims_Positive_2.mp4, 播放时长: 27.46秒, 情绪类别: positive, 标签值: 3
2025-10-28 17:16:55,623 - 视频名称: SEED-IV-Neutral3.mp4, 播放时长: 31.57秒, 情绪类别: neutral, 标签值: 2
2025-10-28 17:17:42,957 - 视频名称: SEED-IV-Negative4.mp4, 播放时长: 30.87秒, 情绪类别: negative, 标签值: 1
2025-10-28 17:18:30,387 - 视频名称: Neutral_4.mp4, 播放时长: 30.88秒, 情绪类别: neutral, 标签值: 2
2025-10-28 17:19:22,934 - 视频名称: sims_Positive_3.mp4, 播放时长: 36.10秒, 情绪类别: positive, 标签值: 3
2025-10-28 17:20:12,111 - 视频名称: SEED-IV-Neutral5.mp4, 播放时长: 32.66秒, 情绪类别: neutral, 标签值: 2
2025-10-28 17:21:07,479 - 视频名称: SEED-IV-Negative3.mp4, 播放时长: 38.91秒, 情绪类别: negative, 标签值: 1
2025-10-28 17:21:55,461 - 视频名称: SEED-IV-Neutral2.mp4, 播放时长: 31.47秒, 情绪类别: neutral, 标签值: 2
2025-10-31 14:27:14,598 - 视频名称: sims_Positive_3.mp4, 播放时长: 36.99秒, 情绪类别: positive, 标签值: 3
2025-10-31 14:28:04,549 - 视频名称: SEED-IV-Neutral4.mp4, 播放时长: 32.57秒, 情绪类别: neutral, 标签值: 2
2025-10-31 14:28:54,999 - 视频名称: SEED-IV-Negative1.mp4, 播放时长: 33.17秒, 情绪类别: negative, 标签值: 1
2025-10-31 14:29:43,893 - 视频名称: Neutral_4.mp4, 播放时长: 31.68秒, 情绪类别: neutral, 标签值: 2
2025-10-31 14:30:29,360 - 视频名称: sims_Positive_2.mp4, 播放时长: 28.16秒, 情绪类别: positive, 标签值: 3
2025-10-31 14:31:19,222 - 视频名称: Neutral_5.mp4, 播放时长: 32.67秒, 情绪类别: neutral, 标签值: 2
2025-10-31 14:32:16,022 - 视频名称: SEED-IV-Negative3.mp4, 播放时长: 39.61秒, 情绪类别: negative, 标签值: 1
2025-10-31 14:33:05,252 - 视频名称: Neutral_2.mp4, 播放时长: 31.88秒, 情绪类别: neutral, 标签值: 2
2025-10-31 14:33:54,839 - 视频名称: sims_Positive_4.mp4, 播放时长: 32.37秒, 情绪类别: positive, 标签值: 3
2025-10-31 14:34:44,342 - 视频名称: SEED-IV-Neutral3.mp4, 播放时长: 32.29秒, 情绪类别: neutral, 标签值: 2
2025-10-31 14:35:33,124 - 视频名称: SEED-IV-Negative4.mp4, 播放时长: 31.59秒, 情绪类别: negative, 标签值: 1
2025-10-31 14:36:23,571 - 视频名称: Neutral_3.mp4, 播放时长: 33.19秒, 情绪类别: neutral, 标签值: 2
2025-10-31 14:37:14,745 - 视频名称: sims_Positive_1.mp4, 播放时长: 33.91秒, 情绪类别: positive, 标签值: 3
2025-10-31 14:38:05,426 - 视频名称: SEED-IV-Neutral5.mp4, 播放时长: 33.40秒, 情绪类别: neutral, 标签值: 2
2025-10-31 14:38:55,235 - 视频名称: SEED-IV-Negative5.mp4, 播放时长: 32.47秒, 情绪类别: negative, 标签值: 1
2025-10-31 14:39:46,396 - 视频名称: Neutral_1.mp4, 播放时长: 33.99秒, 情绪类别: neutral, 标签值: 2
2025-10-31 14:40:36,108 - 视频名称: sims_Positive_5.mp4, 播放时长: 32.49秒, 情绪类别: positive, 标签值: 3
2025-10-31 14:41:25,645 - 视频名称: SEED-IV-Neutral2.mp4, 播放时长: 32.18秒, 情绪类别: neutral, 标签值: 2
2025-10-31 14:42:18,577 - 视频名称: SEED-IV-Negative2.mp4, 播放时长: 35.61秒, 情绪类别: negative, 标签值: 1
2025-10-31 14:43:11,062 - 视频名称: SEED-IV-Neutral1.mp4, 播放时长: 35.31秒, 情绪类别: neutral, 标签值: 2
2025-10-31 14:52:24,405 - 视频名称: sims_Positive_3.mp4, 播放时长: 35.80秒, 情绪类别: positive, 标签值: 3
2025-10-31 14:53:13,814 - 视频名称: SEED-IV-Neutral2.mp4, 播放时长: 32.18秒, 情绪类别: neutral, 标签值: 2
2025-10-31 14:54:06,630 - 视频名称: SEED-IV-Negative2.mp4, 播放时长: 35.59秒, 情绪类别: negative, 标签值: 1
2025-10-31 14:54:56,843 - 视频名称: Neutral_3.mp4, 播放时长: 33.08秒, 情绪类别: neutral, 标签值: 2
2025-10-31 14:55:46,478 - 视频名称: sims_Positive_5.mp4, 播放时长: 32.46秒, 情绪类别: positive, 标签值: 3
2025-10-31 14:56:37,087 - 视频名称: SEED-IV-Neutral5.mp4, 播放时长: 33.38秒, 情绪类别: neutral, 标签值: 2
2025-10-31 14:57:26,157 - 视频名称: SEED-IV-Negative4.mp4, 播放时长: 31.66秒, 情绪类别: negative, 标签值: 1
2025-10-31 14:58:16,201 - 视频名称: Neutral_5.mp4, 播放时长: 32.87秒, 情绪类别: neutral, 标签值: 2
2025-10-31 14:59:07,393 - 视频名称: sims_Positive_1.mp4, 播放时长: 33.87秒, 情绪类别: positive, 标签值: 3
2025-10-31 15:00:00,103 - 视频名称: SEED-IV-Neutral1.mp4, 播放时长: 35.38秒, 情绪类别: neutral, 标签值: 2
2025-10-31 15:00:57,039 - 视频名称: SEED-IV-Negative3.mp4, 播放时长: 39.60秒, 情绪类别: negative, 标签值: 1
2025-10-31 15:01:45,624 - 视频名称: Neutral_2.mp4, 播放时长: 31.98秒, 情绪类别: neutral, 标签值: 2
2025-10-31 15:02:31,181 - 视频名称: sims_Positive_2.mp4, 播放时长: 28.16秒, 情绪类别: positive, 标签值: 3
2025-10-31 15:03:21,092 - 视频名称: SEED-IV-Neutral4.mp4, 播放时长: 32.58秒, 情绪类别: neutral, 标签值: 2
2025-10-31 15:04:10,686 - 视频名称: SEED-IV-Negative5.mp4, 播放时长: 32.37秒, 情绪类别: negative, 标签值: 1
2025-10-31 15:05:00,178 - 视频名称: SEED-IV-Neutral3.mp4, 播放时长: 32.27秒, 情绪类别: neutral, 标签值: 2
2025-10-31 15:05:49,678 - 视频名称: sims_Positive_4.mp4, 播放时长: 32.27秒, 情绪类别: positive, 标签值: 3
2025-10-31 15:06:38,560 - 视频名称: Neutral_4.mp4, 播放时长: 31.57秒, 情绪类别: neutral, 标签值: 2
2025-10-31 15:07:29,077 - 视频名称: SEED-IV-Negative1.mp4, 播放时长: 33.18秒, 情绪类别: negative, 标签值: 1
2025-10-31 15:08:20,373 - 视频名称: Neutral_1.mp4, 播放时长: 34.08秒, 情绪类别: neutral, 标签值: 2
2025-10-31 16:16:30,312 - 视频名称: sims_Positive_1.mp4, 播放时长: 33.78秒, 情绪类别: positive, 标签值: 3
2025-10-31 16:17:21,609 - 视频名称: Neutral_1.mp4, 播放时长: 34.09秒, 情绪类别: neutral, 标签值: 2
2025-10-31 16:20:37,335 - 视频名称: sims_Positive_4.mp4, 播放时长: 31.46秒, 情绪类别: positive, 标签值: 3
2025-10-31 16:21:27,918 - 视频名称: SEED-IV-Neutral5.mp4, 播放时长: 33.39秒, 情绪类别: neutral, 标签值: 2
2025-10-31 16:22:24,677 - 视频名称: SEED-IV-Negative3.mp4, 播放时长: 39.53秒, 情绪类别: negative, 标签值: 1
2025-10-31 16:23:14,950 - 视频名称: Neutral_3.mp4, 播放时长: 33.09秒, 情绪类别: neutral, 标签值: 2
2025-10-31 16:24:00,545 - 视频名称: sims_Positive_2.mp4, 播放时长: 28.25秒, 情绪类别: positive, 标签值: 3
2025-10-31 16:24:53,256 - 视频名称: SEED-IV-Neutral1.mp4, 播放时长: 35.39秒, 情绪类别: neutral, 标签值: 2
2025-10-31 16:25:43,716 - 视频名称: SEED-IV-Negative1.mp4, 播放时长: 33.18秒, 情绪类别: negative, 标签值: 1
2025-10-31 16:26:33,101 - 视频名称: SEED-IV-Neutral2.mp4, 播放时长: 32.18秒, 情绪类别: neutral, 标签值: 2
2025-10-31 16:27:22,866 - 视频名称: sims_Positive_5.mp4, 播放时长: 32.48秒, 情绪类别: positive, 标签值: 3
2025-10-31 16:28:12,960 - 视频名称: Neutral_5.mp4, 播放时长: 32.77秒, 情绪类别: neutral, 标签值: 2
2025-10-31 16:29:05,858 - 视频名称: SEED-IV-Negative2.mp4, 播放时长: 35.60秒, 情绪类别: negative, 标签值: 1
2025-10-31 16:29:54,961 - 视频名称: Neutral_2.mp4, 播放时长: 31.88秒, 情绪类别: neutral, 标签值: 2
2025-10-31 16:30:49,220 - 视频名称: sims_Positive_3.mp4, 播放时长: 36.92秒, 情绪类别: positive, 标签值: 3
2025-10-31 16:31:40,369 - 视频名称: Neutral_1.mp4, 播放时长: 33.99秒, 情绪类别: neutral, 标签值: 2
2025-10-31 16:32:29,071 - 视频名称: SEED-IV-Negative4.mp4, 播放时长: 31.57秒, 情绪类别: negative, 标签值: 1
2025-10-31 16:33:18,607 - 视频名称: SEED-IV-Neutral3.mp4, 播放时长: 32.28秒, 情绪类别: neutral, 标签值: 2
2025-10-31 16:34:09,672 - 视频名称: sims_Positive_1.mp4, 播放时长: 33.89秒, 情绪类别: positive, 标签值: 3
2025-10-31 16:34:58,669 - 视频名称: Neutral_4.mp4, 播放时长: 31.69秒, 情绪类别: neutral, 标签值: 2
2025-10-31 16:35:48,472 - 视频名称: SEED-IV-Negative5.mp4, 播放时长: 32.48秒, 情绪类别: negative, 标签值: 1
2025-10-31 16:36:38,255 - 视频名称: SEED-IV-Neutral4.mp4, 播放时长: 32.58秒, 情绪类别: neutral, 标签值: 2
2025-10-31 16:48:12,319 - 视频名称: sims_Positive_1.mp4, 播放时长: 33.79秒, 情绪类别: positive, 标签值: 3
2025-10-31 16:49:02,279 - 视频名称: Neutral_5.mp4, 播放时长: 32.79秒, 情绪类别: neutral, 标签值: 2
2025-10-31 16:49:52,700 - 视频名称: SEED-IV-Negative1.mp4, 播放时长: 33.19秒, 情绪类别: negative, 标签值: 1
2025-10-31 16:50:44,092 - 视频名称: Neutral_1.mp4, 播放时长: 34.10秒, 情绪类别: neutral, 标签值: 2
2025-10-31 16:51:38,144 - 视频名称: sims_Positive_3.mp4, 播放时长: 36.79秒, 情绪类别: positive, 标签值: 3
2025-10-31 16:52:28,059 - 视频名称: SEED-IV-Neutral4.mp4, 播放时长: 32.59秒, 情绪类别: neutral, 标签值: 2
2025-10-31 16:53:17,769 - 视频名称: SEED-IV-Negative5.mp4, 播放时长: 32.39秒, 情绪类别: negative, 标签值: 1
2025-10-31 16:54:10,482 - 视频名称: SEED-IV-Neutral1.mp4, 播放时长: 35.39秒, 情绪类别: neutral, 标签值: 2
2025-10-31 16:54:55,932 - 视频名称: sims_Positive_2.mp4, 播放时长: 28.26秒, 情绪类别: positive, 标签值: 3
2025-10-31 16:55:44,815 - 视频名称: Neutral_4.mp4, 播放时长: 31.67秒, 情绪类别: neutral, 标签值: 2
2025-10-31 16:56:37,717 - 视频名称: SEED-IV-Negative2.mp4, 播放时长: 35.59秒, 情绪类别: negative, 标签值: 1
2025-10-31 16:57:28,355 - 视频名称: SEED-IV-Neutral5.mp4, 播放时长: 33.38秒, 情绪类别: neutral, 标签值: 2
2025-10-31 16:58:17,959 - 视频名称: sims_Positive_5.mp4, 播放时长: 32.38秒, 情绪类别: positive, 标签值: 3
2025-10-31 16:59:07,262 - 视频名称: SEED-IV-Neutral2.mp4, 播放时长: 32.16秒, 情绪类别: neutral, 标签值: 2
2025-10-31 17:00:04,044 - 视频名称: SEED-IV-Negative3.mp4, 播放时长: 39.62秒, 情绪类别: negative, 标签值: 1
2025-10-31 17:00:53,532 - 视频名称: SEED-IV-Neutral3.mp4, 播放时长: 32.28秒, 情绪类别: neutral, 标签值: 2
2025-10-31 17:01:43,130 - 视频名称: sims_Positive_4.mp4, 播放时长: 32.28秒, 情绪类别: positive, 标签值: 3
2025-10-31 17:02:33,379 - 视频名称: Neutral_3.mp4, 播放时长: 33.09秒, 情绪类别: neutral, 标签值: 2
2025-10-31 17:03:22,225 - 视频名称: SEED-IV-Negative4.mp4, 播放时长: 31.58秒, 情绪类别: negative, 标签值: 1
2025-10-31 17:04:11,427 - 视频名称: Neutral_2.mp4, 播放时长: 31.99秒, 情绪类别: neutral, 标签值: 2
2025-11-04 14:20:27,655 - 视频名称: sims_Positive_4.mp4, 播放时长: 31.66秒, 情绪类别: positive, 标签值: 3
2025-11-04 14:21:15,210 - 视频名称: Neutral_2.mp4, 播放时长: 31.14秒, 情绪类别: neutral, 标签值: 2
2025-11-04 14:22:02,480 - 视频名称: SEED-IV-Negative4.mp4, 播放时长: 30.86秒, 情绪类别: negative, 标签值: 1
2025-11-04 14:22:52,252 - 视频名称: Neutral_1.mp4, 播放时长: 33.37秒, 情绪类别: neutral, 标签值: 2
2025-11-04 14:23:36,180 - 视频名称: sims_Positive_2.mp4, 播放时长: 27.52秒, 情绪类别: positive, 标签值: 3
2025-11-04 14:24:24,160 - 视频名称: SEED-IV-Neutral3.mp4, 播放时长: 31.55秒, 情绪类别: neutral, 标签值: 2
2025-11-04 14:25:12,329 - 视频名称: SEED-IV-Negative5.mp4, 播放时长: 31.75秒, 情绪类别: negative, 标签值: 1
2025-11-04 14:26:03,405 - 视频名称: SEED-IV-Neutral1.mp4, 播放时长: 34.66秒, 情绪类别: neutral, 标签值: 2
2025-11-04 14:26:51,567 - 视频名称: sims_Positive_5.mp4, 播放时长: 31.75秒, 情绪类别: positive, 标签值: 3
2025-11-04 14:27:40,458 - 视频名称: Neutral_3.mp4, 播放时长: 32.47秒, 情绪类别: neutral, 标签值: 2
2025-11-04 14:28:31,740 - 视频名称: SEED-IV-Negative2.mp4, 播放时长: 34.87秒, 情绪类别: negative, 标签值: 1
2025-11-04 14:29:20,204 - 视频名称: Neutral_5.mp4, 播放时长: 32.06秒, 情绪类别: neutral, 标签值: 2
2025-11-04 14:30:12,786 - 视频名称: sims_Positive_3.mp4, 播放时长: 36.17秒, 情绪类别: positive, 标签值: 3
2025-11-04 14:31:01,056 - 视频名称: SEED-IV-Neutral4.mp4, 播放时长: 31.85秒, 情绪类别: neutral, 标签值: 2
2025-11-04 14:31:56,376 - 视频名称: SEED-IV-Negative3.mp4, 播放时长: 38.90秒, 情绪类别: negative, 标签值: 1
2025-11-04 14:32:43,724 - 视频名称: Neutral_4.mp4, 播放时长: 30.94秒, 情绪类别: neutral, 标签值: 2
2025-11-04 14:33:33,210 - 视频名称: sims_Positive_1.mp4, 播放时长: 33.08秒, 情绪类别: positive, 标签值: 3
2025-11-04 14:34:21,161 - 视频名称: SEED-IV-Neutral2.mp4, 播放时长: 31.54秒, 情绪类别: neutral, 标签值: 2
2025-11-04 14:35:10,129 - 视频名称: SEED-IV-Negative1.mp4, 播放时长: 32.55秒, 情绪类别: negative, 标签值: 1
2025-11-04 14:35:59,208 - 视频名称: SEED-IV-Neutral5.mp4, 播放时长: 32.66秒, 情绪类别: neutral, 标签值: 2
2025-11-04 14:46:07,422 - 视频名称: sims_Positive_1.mp4, 播放时长: 33.06秒, 情绪类别: positive, 标签值: 3
2025-11-04 14:46:55,294 - 视频名称: SEED-IV-Neutral2.mp4, 播放时长: 31.46秒, 情绪类别: neutral, 标签值: 2
2025-11-04 14:47:42,540 - 视频名称: SEED-IV-Negative4.mp4, 播放时长: 30.84秒, 情绪类别: negative, 标签值: 1
2025-11-04 14:48:30,906 - 视频名称: SEED-IV-Neutral4.mp4, 播放时长: 31.95秒, 情绪类别: neutral, 标签值: 2
2025-11-04 14:49:19,075 - 视频名称: sims_Positive_5.mp4, 播放时长: 31.76秒, 情绪类别: positive, 标签值: 3
2025-11-04 14:50:06,636 - 视频名称: Neutral_2.mp4, 播放时长: 31.15秒, 情绪类别: neutral, 标签值: 2
2025-11-04 14:51:01,957 - 视频名称: SEED-IV-Negative3.mp4, 播放时长: 38.90秒, 情绪类别: negative, 标签值: 1
2025-11-04 14:51:51,729 - 视频名称: Neutral_1.mp4, 播放时长: 33.36秒, 情绪类别: neutral, 标签值: 2
2025-11-04 14:52:44,306 - 视频名称: sims_Positive_3.mp4, 播放时长: 36.17秒, 情绪类别: positive, 标签值: 3
2025-11-04 14:53:32,277 - 视频名称: SEED-IV-Neutral3.mp4, 播放时长: 31.55秒, 情绪类别: neutral, 标签值: 2
2025-11-04 14:54:23,559 - 视频名称: SEED-IV-Negative2.mp4, 播放时长: 34.87秒, 情绪类别: negative, 标签值: 1
2025-11-04 14:55:14,646 - 视频名称: SEED-IV-Neutral1.mp4, 播放时长: 34.67秒, 情绪类别: neutral, 标签值: 2
2025-11-04 14:56:02,711 - 视频名称: sims_Positive_4.mp4, 播放时长: 31.65秒, 情绪类别: positive, 标签值: 3
2025-11-04 14:56:51,171 - 视频名称: Neutral_5.mp4, 播放时长: 32.06秒, 情绪类别: neutral, 标签值: 2
2025-11-04 14:57:39,340 - 视频名称: SEED-IV-Negative5.mp4, 播放时长: 31.76秒, 情绪类别: negative, 标签值: 1
2025-11-04 14:58:28,414 - 视频名称: SEED-IV-Neutral5.mp4, 播放时长: 32.66秒, 情绪类别: neutral, 标签值: 2
2025-11-04 14:59:12,262 - 视频名称: sims_Positive_2.mp4, 播放时长: 27.44秒, 情绪类别: positive, 标签值: 3
2025-11-04 15:00:01,031 - 视频名称: Neutral_3.mp4, 播放时长: 32.35秒, 情绪类别: neutral, 标签值: 2
2025-11-04 15:00:49,901 - 视频名称: SEED-IV-Negative1.mp4, 播放时长: 32.46秒, 情绪类别: negative, 标签值: 1
2025-11-04 15:01:37,145 - 视频名称: Neutral_4.mp4, 播放时长: 30.85秒, 情绪类别: neutral, 标签值: 2
2025-11-04 15:47:23,701 - 视频名称: sims_Positive_2.mp4, 播放时长: 27.44秒, 情绪类别: positive, 标签值: 3
2025-11-04 15:48:11,567 - 视频名称: SEED-IV-Neutral2.mp4, 播放时长: 31.45秒, 情绪类别: neutral, 标签值: 2
2025-11-04 15:48:59,735 - 视频名称: SEED-IV-Negative5.mp4, 播放时长: 31.76秒, 情绪类别: negative, 标签值: 1
2025-11-04 15:49:48,202 - 视频名称: Neutral_5.mp4, 播放时长: 32.06秒, 情绪类别: neutral, 标签值: 2
2025-11-04 15:50:37,662 - 视频名称: sims_Positive_1.mp4, 播放时长: 33.06秒, 情绪类别: positive, 标签值: 3
2025-11-04 15:51:25,219 - 视频名称: Neutral_2.mp4, 播放时长: 31.15秒, 情绪类别: neutral, 标签值: 2
2025-11-04 15:52:14,093 - 视频名称: SEED-IV-Negative1.mp4, 播放时长: 32.46秒, 情绪类别: negative, 标签值: 1
2025-11-04 15:53:02,080 - 视频名称: SEED-IV-Neutral3.mp4, 播放时长: 31.56秒, 情绪类别: neutral, 标签值: 2
2025-11-04 15:53:50,139 - 视频名称: sims_Positive_4.mp4, 播放时长: 31.64秒, 情绪类别: positive, 标签值: 3
2025-11-04 15:54:38,911 - 视频名称: Neutral_3.mp4, 播放时长: 32.35秒, 情绪类别: neutral, 标签值: 2
2025-11-04 15:55:30,204 - 视频名称: SEED-IV-Negative2.mp4, 播放时长: 34.88秒, 情绪类别: negative, 标签值: 1
2025-11-04 15:56:21,298 - 视频名称: SEED-IV-Neutral1.mp4, 播放时长: 34.68秒, 情绪类别: neutral, 标签值: 2
2025-11-04 15:57:09,469 - 视频名称: sims_Positive_5.mp4, 播放时长: 31.75秒, 情绪类别: positive, 标签值: 3
2025-11-04 15:57:59,233 - 视频名称: Neutral_1.mp4, 播放时长: 33.36秒, 情绪类别: neutral, 标签值: 2
2025-11-04 15:58:54,532 - 视频名称: SEED-IV-Negative3.mp4, 播放时长: 38.88秒, 情绪类别: negative, 标签值: 1
2025-11-04 15:59:41,782 - 视频名称: Neutral_4.mp4, 播放时长: 30.85秒, 情绪类别: neutral, 标签值: 2
2025-11-04 16:00:34,358 - 视频名称: sims_Positive_3.mp4, 播放时长: 36.16秒, 情绪类别: positive, 标签值: 3
2025-11-04 16:01:23,428 - 视频名称: SEED-IV-Neutral5.mp4, 播放时长: 32.65秒, 情绪类别: neutral, 标签值: 2
2025-11-04 16:02:10,687 - 视频名称: SEED-IV-Negative4.mp4, 播放时长: 30.85秒, 情绪类别: negative, 标签值: 1
2025-11-04 16:02:58,965 - 视频名称: SEED-IV-Neutral4.mp4, 播放时长: 31.87秒, 情绪类别: neutral, 标签值: 2
2025-11-04 16:11:01,934 - 视频名称: sims_Positive_2.mp4, 播放时长: 27.54秒, 情绪类别: positive, 标签值: 3
2025-11-04 16:11:49,498 - 视频名称: Neutral_2.mp4, 播放时长: 31.16秒, 情绪类别: neutral, 标签值: 2
2025-11-04 16:12:40,772 - 视频名称: SEED-IV-Negative2.mp4, 播放时长: 34.86秒, 情绪类别: negative, 标签值: 1
2025-11-04 16:13:29,840 - 视频名称: SEED-IV-Neutral5.mp4, 播放时长: 32.65秒, 情绪类别: neutral, 标签值: 2
2025-11-04 16:14:19,402 - 视频名称: sims_Positive_1.mp4, 播放时长: 33.15秒, 情绪类别: positive, 标签值: 3
2025-11-04 16:15:10,505 - 视频名称: SEED-IV-Neutral1.mp4, 播放时长: 34.69秒, 情绪类别: neutral, 标签值: 2
2025-11-04 16:15:57,754 - 视频名称: SEED-IV-Negative4.mp4, 播放时长: 30.85秒, 情绪类别: negative, 标签值: 1
2025-11-04 16:16:47,522 - 视频名称: Neutral_1.mp4, 播放时长: 33.36秒, 情绪类别: neutral, 标签值: 2
2025-11-04 16:17:35,600 - 视频名称: sims_Positive_4.mp4, 播放时长: 31.66秒, 情绪类别: positive, 标签值: 3
2025-11-04 16:18:22,864 - 视频名称: Neutral_4.mp4, 播放时长: 30.85秒, 情绪类别: neutral, 标签值: 2
2025-11-04 16:19:18,179 - 视频名称: SEED-IV-Negative3.mp4, 播放时长: 38.90秒, 情绪类别: negative, 标签值: 1
2025-11-04 16:20:06,457 - 视频名称: SEED-IV-Neutral4.mp4, 播放时长: 31.86秒, 情绪类别: neutral, 标签值: 2
2025-11-04 16:20:59,049 - 视频名称: sims_Positive_3.mp4, 播放时长: 36.18秒, 情绪类别: positive, 标签值: 3
2025-11-04 16:21:47,828 - 视频名称: Neutral_3.mp4, 播放时长: 32.36秒, 情绪类别: neutral, 标签值: 2
2025-11-04 16:22:36,007 - 视频名称: SEED-IV-Negative5.mp4, 播放时长: 31.76秒, 情绪类别: negative, 标签值: 1
2025-11-04 16:23:23,970 - 视频名称: SEED-IV-Neutral3.mp4, 播放时长: 31.55秒, 情绪类别: neutral, 标签值: 2
2025-11-04 16:24:12,134 - 视频名称: sims_Positive_5.mp4, 播放时长: 31.76秒, 情绪类别: positive, 标签值: 3
2025-11-04 16:25:00,617 - 视频名称: Neutral_5.mp4, 播放时长: 32.07秒, 情绪类别: neutral, 标签值: 2
2025-11-04 16:25:49,499 - 视频名称: SEED-IV-Negative1.mp4, 播放时长: 32.46秒, 情绪类别: negative, 标签值: 1
2025-11-04 16:26:37,361 - 视频名称: SEED-IV-Neutral2.mp4, 播放时长: 31.45秒, 情绪类别: neutral, 标签值: 2
2025-11-12 14:14:59,233 - 视频名称: sims_Positive_3.mp4, 播放时长: 36.19秒, 情绪类别: positive, 标签值: 3
2025-11-12 14:15:48,039 - 视频名称: Neutral_3.mp4, 播放时长: 32.35秒, 情绪类别: neutral, 标签值: 2
2025-11-12 14:16:43,512 - 视频名称: SEED-IV-Negative3.mp4, 播放时长: 38.89秒, 情绪类别: negative, 标签值: 1
2025-11-12 14:17:32,187 - 视频名称: Neutral_5.mp4, 播放时长: 32.06秒, 情绪类别: neutral, 标签值: 2
2025-11-12 14:18:20,490 - 视频名称: sims_Positive_4.mp4, 播放时长: 31.66秒, 情绪类别: positive, 标签值: 3
2025-11-12 14:19:10,471 - 视频名称: Neutral_1.mp4, 播放时长: 33.37秒, 情绪类别: neutral, 标签值: 2
2025-11-12 14:19:58,811 - 视频名称: SEED-IV-Negative5.mp4, 播放时长: 31.77秒, 情绪类别: negative, 标签值: 1
2025-11-12 14:20:47,028 - 视频名称: SEED-IV-Neutral3.mp4, 播放时长: 31.57秒, 情绪类别: neutral, 标签值: 2
2025-11-12 14:21:31,251 - 视频名称: sims_Positive_2.mp4, 播放时长: 27.55秒, 情绪类别: positive, 标签值: 3
2025-11-12 14:22:19,173 - 视频名称: Neutral_2.mp4, 播放时长: 31.27秒, 情绪类别: neutral, 标签值: 2
2025-11-12 14:23:08,293 - 视频名称: SEED-IV-Negative1.mp4, 播放时长: 32.49秒, 情绪类别: negative, 标签值: 1
2025-11-12 14:23:55,869 - 视频名称: Neutral_4.mp4, 播放时长: 30.97秒, 情绪类别: neutral, 标签值: 2
2025-11-12 14:24:45,363 - 视频名称: sims_Positive_1.mp4, 播放时长: 33.17秒, 情绪类别: positive, 标签值: 3
2025-11-12 14:25:36,638 - 视频名称: SEED-IV-Neutral1.mp4, 播放时长: 34.66秒, 情绪类别: neutral, 标签值: 2
2025-11-12 14:26:24,110 - 视频名称: SEED-IV-Negative4.mp4, 播放时长: 30.96秒, 情绪类别: negative, 标签值: 1
2025-11-12 14:27:13,476 - 视频名称: SEED-IV-Neutral5.mp4, 播放时长: 32.67秒, 情绪类别: neutral, 标签值: 2
2025-11-12 14:28:01,938 - 视频名称: sims_Positive_5.mp4, 播放时长: 31.77秒, 情绪类别: positive, 标签值: 3
2025-11-12 14:28:50,152 - 视频名称: SEED-IV-Neutral2.mp4, 播放时长: 31.56秒, 情绪类别: neutral, 标签值: 2
2025-11-12 14:29:41,670 - 视频名称: SEED-IV-Negative2.mp4, 播放时长: 34.87秒, 情绪类别: negative, 标签值: 1
2025-11-12 14:30:30,166 - 视频名称: SEED-IV-Neutral4.mp4, 播放时长: 31.87秒, 情绪类别: neutral, 标签值: 2
2025-11-12 14:39:06,938 - 视频名称: sims_Positive_4.mp4, 播放时长: 31.67秒, 情绪类别: positive, 标签值: 3
2025-11-12 14:39:55,927 - 视频名称: Neutral_3.mp4, 播放时长: 32.38秒, 情绪类别: neutral, 标签值: 2
2025-11-12 14:40:47,417 - 视频名称: SEED-IV-Negative2.mp4, 播放时长: 34.87秒, 情绪类别: negative, 标签值: 1
2025-11-12 14:41:35,750 - 视频名称: SEED-IV-Neutral3.mp4, 播放时长: 31.67秒, 情绪类别: neutral, 标签值: 2
2025-11-12 14:42:25,527 - 视频名称: sims_Positive_1.mp4, 播放时长: 33.17秒, 情绪类别: positive, 标签值: 3
2025-11-12 14:43:15,528 - 视频名称: Neutral_1.mp4, 播放时长: 33.37秒, 情绪类别: neutral, 标签值: 2
2025-11-12 14:44:04,635 - 视频名称: SEED-IV-Negative1.mp4, 播放时长: 32.48秒, 情绪类别: negative, 标签值: 1
2025-11-12 14:44:52,221 - 视频名称: Neutral_4.mp4, 播放时长: 30.98秒, 情绪类别: neutral, 标签值: 2
2025-11-12 14:45:36,401 - 视频名称: sims_Positive_2.mp4, 播放时长: 27.56秒, 情绪类别: positive, 标签值: 3
2025-11-12 14:46:25,546 - 视频名称: SEED-IV-Neutral5.mp4, 播放时长: 32.66秒, 情绪类别: neutral, 标签值: 2
2025-11-12 14:47:21,075 - 视频名称: SEED-IV-Negative3.mp4, 播放时长: 38.91秒, 情绪类别: negative, 标签值: 1
2025-11-12 14:48:09,177 - 视频名称: SEED-IV-Neutral2.mp4, 播放时长: 31.47秒, 情绪类别: neutral, 标签值: 2
2025-11-12 14:48:57,558 - 视频名称: sims_Positive_5.mp4, 播放时长: 31.86秒, 情绪类别: positive, 标签值: 3
2025-11-12 14:49:48,816 - 视频名称: SEED-IV-Neutral1.mp4, 播放时长: 34.69秒, 情绪类别: neutral, 标签值: 2
2025-11-12 14:50:37,056 - 视频名称: SEED-IV-Negative5.mp4, 播放时长: 31.77秒, 情绪类别: negative, 标签值: 1
2025-11-12 14:51:24,831 - 视频名称: Neutral_2.mp4, 播放时长: 31.19秒, 情绪类别: neutral, 标签值: 2
2025-11-12 14:52:17,621 - 视频名称: sims_Positive_3.mp4, 播放时长: 36.18秒, 情绪类别: positive, 标签值: 3
2025-11-12 14:53:06,117 - 视频名称: SEED-IV-Neutral4.mp4, 播放时长: 31.86秒, 情绪类别: neutral, 标签值: 2
2025-11-12 14:53:53,700 - 视频名称: SEED-IV-Negative4.mp4, 播放时长: 30.97秒, 情绪类别: negative, 标签值: 1
2025-11-12 14:54:42,276 - 视频名称: Neutral_5.mp4, 播放时长: 32.07秒, 情绪类别: neutral, 标签值: 2
2025-11-12 15:58:38,511 - 视频名称: sims_Positive_1.mp4, 播放时长: 33.18秒, 情绪类别: positive, 标签值: 3
2025-11-12 15:59:27,028 - 视频名称: SEED-IV-Neutral4.mp4, 播放时长: 31.87秒, 情绪类别: neutral, 标签值: 2
2025-11-12 16:00:18,484 - 视频名称: SEED-IV-Negative2.mp4, 播放时长: 34.98秒, 情绪类别: negative, 标签值: 1
2025-11-12 16:01:05,913 - 视频名称: Neutral_4.mp4, 播放时长: 30.87秒, 情绪类别: neutral, 标签值: 2
2025-11-12 16:01:54,112 - 视频名称: sims_Positive_4.mp4, 播放时长: 31.66秒, 情绪类别: positive, 标签值: 3
2025-11-12 16:02:41,841 - 视频名称: Neutral_2.mp4, 播放时长: 31.16秒, 情绪类别: neutral, 标签值: 2
2025-11-12 16:03:37,388 - 视频名称: SEED-IV-Negative3.mp4, 播放时长: 38.91秒, 情绪类别: negative, 标签值: 1
2025-11-12 16:04:26,159 - 视频名称: Neutral_5.mp4, 播放时长: 32.17秒, 情绪类别: neutral, 标签值: 2
2025-11-12 16:05:18,876 - 视频名称: sims_Positive_3.mp4, 播放时长: 36.20秒, 情绪类别: positive, 标签值: 3
2025-11-12 16:06:07,176 - 视频名称: SEED-IV-Neutral3.mp4, 播放时长: 31.67秒, 情绪类别: neutral, 标签值: 2
2025-11-12 16:06:56,253 - 视频名称: SEED-IV-Negative1.mp4, 播放时长: 32.60秒, 情绪类别: negative, 标签值: 1
2025-11-12 16:07:45,500 - 视频名称: SEED-IV-Neutral5.mp4, 播放时长: 32.68秒, 情绪类别: neutral, 标签值: 2
2025-11-12 16:08:33,783 - 视频名称: sims_Positive_5.mp4, 播放时长: 31.77秒, 情绪类别: positive, 标签值: 3
2025-11-12 16:09:22,676 - 视频名称: Neutral_3.mp4, 播放时长: 32.38秒, 情绪类别: neutral, 标签值: 2
2025-11-12 16:10:10,133 - 视频名称: SEED-IV-Negative4.mp4, 播放时长: 30.96秒, 情绪类别: negative, 标签值: 1
2025-11-12 16:10:59,996 - 视频名称: Neutral_1.mp4, 播放时长: 33.36秒, 情绪类别: neutral, 标签值: 2
2025-11-12 16:11:44,065 - 视频名称: sims_Positive_2.mp4, 播放时长: 27.55秒, 情绪类别: positive, 标签值: 3
2025-11-12 16:12:32,155 - 视频名称: SEED-IV-Neutral2.mp4, 播放时长: 31.47秒, 情绪类别: neutral, 标签值: 2
2025-11-12 16:13:20,443 - 视频名称: SEED-IV-Negative5.mp4, 播放时长: 31.76秒, 情绪类别: negative, 标签值: 1
2025-11-12 16:14:11,598 - 视频名称: SEED-IV-Neutral1.mp4, 播放时长: 34.58秒, 情绪类别: neutral, 标签值: 2
2025-11-12 16:21:38,769 - 视频名称: sims_Positive_1.mp4, 播放时长: 33.07秒, 情绪类别: positive, 标签值: 3
2025-11-12 16:22:27,824 - 视频名称: Neutral_3.mp4, 播放时长: 32.45秒, 情绪类别: neutral, 标签值: 2
2025-11-12 16:23:17,012 - 视频名称: SEED-IV-Negative1.mp4, 播放时长: 32.57秒, 情绪类别: negative, 标签值: 1
2025-11-12 16:24:04,445 - 视频名称: Neutral_4.mp4, 播放时长: 30.96秒, 情绪类别: neutral, 标签值: 2
2025-11-12 16:24:48,610 - 视频名称: sims_Positive_2.mp4, 播放时长: 27.54秒, 情绪类别: positive, 标签值: 3
2025-11-12 16:25:36,756 - 视频名称: SEED-IV-Neutral3.mp4, 播放时长: 31.66秒, 情绪类别: neutral, 标签值: 2
2025-11-12 16:26:28,365 - 视频名称: SEED-IV-Negative2.mp4, 播放时长: 34.99秒, 情绪类别: negative, 标签值: 1
2025-11-12 16:27:18,359 - 视频名称: Neutral_1.mp4, 播放时长: 33.38秒, 情绪类别: neutral, 标签值: 2
2025-11-12 16:28:06,546 - 视频名称: sims_Positive_4.mp4, 播放时长: 31.57秒, 情绪类别: positive, 标签值: 3
2025-11-12 16:28:57,936 - 视频名称: SEED-IV-Neutral1.mp4, 播放时长: 34.69秒, 情绪类别: neutral, 标签值: 2
2025-11-12 16:29:53,465 - 视频名称: SEED-IV-Negative3.mp4, 播放时长: 38.91秒, 情绪类别: negative, 标签值: 1
2025-11-12 16:30:41,944 - 视频名称: SEED-IV-Neutral4.mp4, 播放时长: 31.87秒, 情绪类别: neutral, 标签值: 2
2025-11-12 16:31:34,807 - 视频名称: sims_Positive_3.mp4, 播放时长: 36.29秒, 情绪类别: positive, 标签值: 3
2025-11-12 16:32:23,434 - 视频名称: Neutral_5.mp4, 播放时长: 32.07秒, 情绪类别: neutral, 标签值: 2
2025-11-12 16:33:10,986 - 视频名称: SEED-IV-Negative4.mp4, 播放时长: 30.96秒, 情绪类别: negative, 标签值: 1
2025-11-12 16:34:00,289 - 视频名称: SEED-IV-Neutral5.mp4, 播放时长: 32.67秒, 情绪类别: neutral, 标签值: 2
2025-11-12 16:34:48,679 - 视频名称: sims_Positive_5.mp4, 播放时长: 31.77秒, 情绪类别: positive, 标签值: 3
2025-11-12 16:35:36,854 - 视频名称: SEED-IV-Neutral2.mp4, 播放时长: 31.56秒, 情绪类别: neutral, 标签值: 2
2025-11-12 16:36:25,335 - 视频名称: SEED-IV-Negative5.mp4, 播放时长: 31.86秒, 情绪类别: negative, 标签值: 1
2025-11-12 16:37:13,198 - 视频名称: Neutral_2.mp4, 播放时长: 31.25秒, 情绪类别: neutral, 标签值: 2
2025-12-04 13:50:52,814 - 视频名称: sims_Positive_1.mp4, 播放时长: 32.88秒, 情绪类别: positive, 标签值: 3
2025-12-04 13:51:41,628 - 视频名称: SEED-IV-Neutral5.mp4, 播放时长: 32.49秒, 情绪类别: neutral, 标签值: 2
2025-12-04 13:52:28,858 - 视频名称: SEED-IV-Negative4.mp4, 播放时长: 30.77秒, 情绪类别: negative, 标签值: 1
2025-12-04 13:57:25,458 - 视频名称: sims_Positive_5.mp4, 播放时长: 31.59秒, 情绪类别: positive, 标签值: 3
2025-12-04 14:00:52,133 - 视频名称: sims_Positive_5.mp4, 播放时长: 31.68秒, 情绪类别: positive, 标签值: 3
2025-12-04 15:58:46,762 - 视频名称: sims_Positive_3.mp4, 播放时长: 36.12秒, 情绪类别: positive, 标签值: 3
2025-12-04 15:59:35,072 - 视频名称: SEED-IV-Neutral2.mp4, 播放时长: 31.67秒, 情绪类别: neutral, 标签值: 2
2025-12-04 16:00:22,766 - 视频名称: SEED-IV-Negative4.mp4, 播放时长: 31.07秒, 情绪类别: negative, 标签值: 1
2025-12-04 16:01:10,667 - 视频名称: Neutral_2.mp4, 播放时长: 31.28秒, 情绪类别: neutral, 标签值: 2
2025-12-04 16:01:59,179 - 视频名称: sims_Positive_5.mp4, 播放时长: 31.89秒, 情绪类别: positive, 标签值: 3
2025-12-04 16:02:46,919 - 视频名称: Neutral_4.mp4, 播放时长: 31.08秒, 情绪类别: neutral, 标签值: 2
2025-12-04 16:03:42,705 - 视频名称: SEED-IV-Negative3.mp4, 播放时长: 39.11秒, 情绪类别: negative, 标签值: 1
2025-12-04 16:04:31,973 - 视频名称: Neutral_3.mp4, 播放时长: 32.59秒, 情绪类别: neutral, 标签值: 2
2025-12-04 16:05:16,304 - 视频名称: sims_Positive_2.mp4, 播放时长: 27.66秒, 情绪类别: positive, 标签值: 3
2025-12-04 16:06:05,154 - 视频名称: Neutral_5.mp4, 播放时长: 32.19秒, 情绪类别: neutral, 标签值: 2
2025-12-04 16:06:53,712 - 视频名称: SEED-IV-Negative5.mp4, 播放时长: 31.88秒, 情绪类别: negative, 标签值: 1
2025-12-04 16:07:43,139 - 视频名称: SEED-IV-Neutral5.mp4, 播放时长: 32.79秒, 情绪类别: neutral, 标签值: 2
2025-12-04 16:08:31,652 - 视频名称: sims_Positive_4.mp4, 播放时长: 31.88秒, 情绪类别: positive, 标签值: 3
2025-12-04 16:09:20,405 - 视频名称: SEED-IV-Neutral4.mp4, 播放时长: 32.08秒, 情绪类别: neutral, 标签值: 2
2025-12-04 16:10:12,120 - 视频名称: SEED-IV-Negative2.mp4, 播放时长: 35.09秒, 情绪类别: negative, 标签值: 1
2025-12-04 16:11:03,689 - 视频名称: SEED-IV-Neutral1.mp4, 播放时长: 34.90秒, 情绪类别: neutral, 标签值: 2
2025-12-04 16:11:53,597 - 视频名称: sims_Positive_1.mp4, 播放时长: 33.29秒, 情绪类别: positive, 标签值: 3
2025-12-04 16:12:42,006 - 视频名称: SEED-IV-Neutral3.mp4, 播放时长: 31.77秒, 情绪类别: neutral, 标签值: 2
2025-12-04 16:13:31,323 - 视频名称: SEED-IV-Negative1.mp4, 播放时长: 32.68秒, 情绪类别: negative, 标签值: 1
2025-12-04 16:14:21,483 - 视频名称: Neutral_1.mp4, 播放时长: 33.49秒, 情绪类别: neutral, 标签值: 2
2025-12-04 16:23:18,965 - 视频名称: sims_Positive_1.mp4, 播放时长: 33.29秒, 情绪类别: positive, 标签值: 3
2025-12-04 16:24:07,379 - 视频名称: SEED-IV-Neutral3.mp4, 播放时长: 31.78秒, 情绪类别: neutral, 标签值: 2
2025-12-04 16:24:55,897 - 视频名称: SEED-IV-Negative5.mp4, 播放时长: 31.88秒, 情绪类别: negative, 标签值: 1
2025-12-04 16:25:46,005 - 视频名称: Neutral_1.mp4, 播放时长: 33.48秒, 情绪类别: neutral, 标签值: 2
2025-12-04 16:26:38,936 - 视频名称: sims_Positive_3.mp4, 播放时长: 36.30秒, 情绪类别: positive, 标签值: 3
2025-12-04 16:27:30,456 - 视频名称: SEED-IV-Neutral1.mp4, 播放时长: 34.89秒, 情绪类别: neutral, 标签值: 2
2025-12-04 16:28:26,309 - 视频名称: SEED-IV-Negative3.mp4, 播放时长: 39.12秒, 情绪类别: negative, 标签值: 1
2025-12-04 16:29:13,908 - 视频名称: Neutral_4.mp4, 播放时长: 31.07秒, 情绪类别: neutral, 标签值: 2
2025-12-04 16:29:58,201 - 视频名称: sims_Positive_2.mp4, 播放时长: 27.66秒, 情绪类别: positive, 标签值: 3
2025-12-04 16:30:46,926 - 视频名称: SEED-IV-Neutral4.mp4, 播放时长: 32.09秒, 情绪类别: neutral, 标签值: 2
2025-12-04 16:31:38,556 - 视频名称: SEED-IV-Negative2.mp4, 播放时长: 35.01秒, 情绪类别: negative, 标签值: 1
2025-12-04 16:32:27,762 - 视频名称: Neutral_3.mp4, 播放时长: 32.58秒, 情绪类别: neutral, 标签值: 2
2025-12-04 16:33:16,361 - 视频名称: sims_Positive_5.mp4, 播放时长: 31.97秒, 情绪类别: positive, 标签值: 3
2025-12-04 16:34:05,882 - 视频名称: SEED-IV-Neutral5.mp4, 播放时长: 32.88秒, 情绪类别: neutral, 标签值: 2
2025-12-04 16:34:53,577 - 视频名称: SEED-IV-Negative4.mp4, 播放时长: 31.08秒, 情绪类别: negative, 标签值: 1
2025-12-04 16:35:41,480 - 视频名称: Neutral_2.mp4, 播放时长: 31.28秒, 情绪类别: neutral, 标签值: 2
2025-12-04 16:36:29,895 - 视频名称: sims_Positive_4.mp4, 播放时长: 31.78秒, 情绪类别: positive, 标签值: 3
2025-12-04 16:37:18,698 - 视频名称: Neutral_5.mp4, 播放时长: 32.18秒, 情绪类别: neutral, 标签值: 2
2025-12-04 16:38:07,930 - 视频名称: SEED-IV-Negative1.mp4, 播放时长: 32.69秒, 情绪类别: negative, 标签值: 1
2025-12-04 16:38:56,149 - 视频名称: SEED-IV-Neutral2.mp4, 播放时长: 31.58秒, 情绪类别: neutral, 标签值: 2
2025-12-17 14:42:48,241 - 视频名称: sims_Positive_2.mp4, 播放时长: 27.74秒, 情绪类别: positive, 标签值: 3
2025-12-17 14:43:37,405 - 视频名称: Neutral_3.mp4, 播放时长: 32.49秒, 情绪类别: neutral, 标签值: 2
2025-12-17 14:44:25,068 - 视频名称: SEED-IV-Negative4.mp4, 播放时长: 31.07秒, 情绪类别: negative, 标签值: 1
2025-12-17 14:45:13,321 - 视频名称: SEED-IV-Neutral3.mp4, 播放时长: 31.68秒, 情绪类别: neutral, 标签值: 2
2025-12-17 14:46:03,160 - 视频名称: sims_Positive_1.mp4, 播放时长: 33.17秒, 情绪类别: positive, 标签值: 3
2025-12-17 14:46:51,003 - 视频名称: Neutral_2.mp4, 播放时长: 31.28秒, 情绪类别: neutral, 标签值: 2
2025-12-17 14:47:46,516 - 视频名称: SEED-IV-Negative3.mp4, 播放时长: 38.94秒, 情绪类别: negative, 标签值: 1
2025-12-17 14:48:37,885 - 视频名称: SEED-IV-Neutral1.mp4, 播放时长: 34.80秒, 情绪类别: neutral, 标签值: 2
2025-12-17 14:49:26,352 - 视频名称: sims_Positive_5.mp4, 播放时长: 31.89秒, 情绪类别: positive, 标签值: 3
2025-12-17 14:50:13,905 - 视频名称: Neutral_4.mp4, 播放时长: 30.99秒, 情绪类别: neutral, 标签值: 2
2025-12-17 14:51:03,054 - 视频名称: SEED-IV-Negative1.mp4, 播放时长: 32.57秒, 情绪类别: negative, 标签值: 1
2025-12-17 14:51:52,329 - 视频名称: SEED-IV-Neutral5.mp4, 播放时长: 32.70秒, 情绪类别: neutral, 标签值: 2
2025-12-17 14:52:45,108 - 视频名称: sims_Positive_3.mp4, 播放时长: 36.21秒, 情绪类别: positive, 标签值: 3
2025-12-17 14:53:33,862 - 视频名称: Neutral_5.mp4, 播放时长: 32.19秒, 情绪类别: neutral, 标签值: 2
2025-12-17 14:54:22,315 - 视频名称: SEED-IV-Negative5.mp4, 播放时长: 31.88秒, 情绪类别: negative, 标签值: 1
2025-12-17 14:55:12,322 - 视频名称: Neutral_1.mp4, 播放时长: 33.48秒, 情绪类别: neutral, 标签值: 2
2025-12-17 14:56:00,765 - 视频名称: sims_Positive_4.mp4, 播放时长: 31.77秒, 情绪类别: positive, 标签值: 3
2025-12-17 14:56:49,272 - 视频名称: SEED-IV-Neutral4.mp4, 播放时长: 31.98秒, 情绪类别: neutral, 标签值: 2
2025-12-17 14:57:40,833 - 视频名称: SEED-IV-Negative2.mp4, 播放时长: 35.00秒, 情绪类别: negative, 标签值: 1
2025-12-17 14:58:28,934 - 视频名称: SEED-IV-Neutral2.mp4, 播放时长: 31.57秒, 情绪类别: neutral, 标签值: 2
2025-12-17 15:07:08,596 - 视频名称: sims_Positive_2.mp4, 播放时长: 27.65秒, 情绪类别: positive, 标签值: 3
2025-12-17 15:07:56,717 - 视频名称: SEED-IV-Neutral2.mp4, 播放时长: 31.58秒, 情绪类别: neutral, 标签值: 2
2025-12-17 15:08:45,946 - 视频名称: SEED-IV-Negative1.mp4, 播放时长: 32.59秒, 情绪类别: negative, 标签值: 1
2025-12-17 15:09:33,854 - 视频名称: Neutral_2.mp4, 播放时长: 31.39秒, 情绪类别: neutral, 标签值: 2
2025-12-17 15:10:26,872 - 视频名称: sims_Positive_3.mp4, 播放时长: 36.39秒, 情绪类别: positive, 标签值: 3
2025-12-17 15:11:14,561 - 视频名称: Neutral_4.mp4, 播放时长: 31.07秒, 情绪类别: neutral, 标签值: 2
2025-12-17 15:12:10,409 - 视频名称: SEED-IV-Negative3.mp4, 播放时长: 39.11秒, 情绪类别: negative, 标签值: 1
2025-12-17 15:13:00,633 - 视频名称: Neutral_1.mp4, 播放时长: 33.59秒, 情绪类别: neutral, 标签值: 2
2025-12-17 15:13:49,141 - 视频名称: sims_Positive_4.mp4, 播放时长: 31.87秒, 情绪类别: positive, 标签值: 3
2025-12-17 15:14:40,669 - 视频名称: SEED-IV-Neutral1.mp4, 播放时长: 34.90秒, 情绪类别: neutral, 标签值: 2
2025-12-17 15:15:28,377 - 视频名称: SEED-IV-Negative4.mp4, 播放时长: 31.08秒, 情绪类别: negative, 标签值: 1
2025-12-17 15:16:17,265 - 视频名称: Neutral_5.mp4, 播放时长: 32.27秒, 情绪类别: neutral, 标签值: 2
2025-12-17 15:17:07,165 - 视频名称: sims_Positive_1.mp4, 播放时长: 33.28秒, 情绪类别: positive, 标签值: 3
2025-12-17 15:17:55,871 - 视频名称: SEED-IV-Neutral4.mp4, 播放时长: 32.08秒, 情绪类别: neutral, 标签值: 2
2025-12-17 15:18:44,486 - 视频名称: SEED-IV-Negative5.mp4, 播放时长: 31.98秒, 情绪类别: negative, 标签值: 1
2025-12-17 15:19:34,002 - 视频名称: SEED-IV-Neutral5.mp4, 播放时长: 32.87秒, 情绪类别: neutral, 标签值: 2
2025-12-17 15:20:22,607 - 视频名称: sims_Positive_5.mp4, 播放时长: 31.98秒, 情绪类别: positive, 标签值: 3
2025-12-17 15:21:10,920 - 视频名称: SEED-IV-Neutral3.mp4, 播放时长: 31.68秒, 情绪类别: neutral, 标签值: 2
2025-12-17 15:22:02,832 - 视频名称: SEED-IV-Negative2.mp4, 播放时长: 35.19秒, 情绪类别: negative, 标签值: 1
2025-12-17 15:22:52,040 - 视频名称: Neutral_3.mp4, 播放时长: 32.58秒, 情绪类别: neutral, 标签值: 2
2025-12-17 16:25:39,071 - 视频名称: sims_Positive_5.mp4, 播放时长: 31.88秒, 情绪类别: positive, 标签值: 3
2025-12-17 16:26:27,574 - 视频名称: SEED-IV-Neutral4.mp4, 播放时长: 31.96秒, 情绪类别: neutral, 标签值: 2
2025-12-17 16:27:23,128 - 视频名称: SEED-IV-Negative3.mp4, 播放时长: 39.02秒, 情绪类别: negative, 标签值: 1
2025-12-17 16:28:11,346 - 视频名称: SEED-IV-Neutral3.mp4, 播放时长: 31.68秒, 情绪类别: neutral, 标签值: 2
2025-12-17 16:28:59,659 - 视频名称: sims_Positive_4.mp4, 播放时长: 31.78秒, 情绪类别: positive, 标签值: 3
2025-12-17 16:29:47,431 - 视频名称: Neutral_2.mp4, 播放时长: 31.26秒, 情绪类别: neutral, 标签值: 2
2025-12-17 16:30:38,952 - 视频名称: SEED-IV-Negative2.mp4, 播放时长: 34.99秒, 情绪类别: negative, 标签值: 1
2025-12-17 16:31:30,277 - 视频名称: SEED-IV-Neutral1.mp4, 播放时长: 34.79秒, 情绪类别: neutral, 标签值: 2
2025-12-17 16:32:23,095 - 视频名称: sims_Positive_3.mp4, 播放时长: 36.30秒, 情绪类别: positive, 标签值: 3
2025-12-17 16:33:12,424 - 视频名称: SEED-IV-Neutral5.mp4, 播放时长: 32.79秒, 情绪类别: neutral, 标签值: 2
2025-12-17 16:34:01,538 - 视频名称: SEED-IV-Negative1.mp4, 播放时长: 32.57秒, 情绪类别: negative, 标签值: 1
2025-12-17 16:34:50,137 - 视频名称: Neutral_5.mp4, 播放时长: 32.07秒, 情绪类别: neutral, 标签值: 2
2025-12-17 16:35:34,318 - 视频名称: sims_Positive_2.mp4, 播放时长: 27.65秒, 情绪类别: positive, 标签值: 3
2025-12-17 16:36:21,824 - 视频名称: Neutral_4.mp4, 播放时长: 30.98秒, 情绪类别: neutral, 标签值: 2
2025-12-17 16:37:09,419 - 视频名称: SEED-IV-Negative4.mp4, 播放时长: 31.07秒, 情绪类别: negative, 标签值: 1
2025-12-17 16:37:58,432 - 视频名称: Neutral_3.mp4, 播放时长: 32.48秒, 情绪类别: neutral, 标签值: 2
2025-12-17 16:38:48,141 - 视频名称: sims_Positive_1.mp4, 播放时长: 33.19秒, 情绪类别: positive, 标签值: 3
2025-12-17 16:39:38,067 - 视频名称: Neutral_1.mp4, 播放时长: 33.40秒, 情绪类别: neutral, 标签值: 2
2025-12-17 16:40:26,460 - 视频名称: SEED-IV-Negative5.mp4, 播放时长: 31.87秒, 情绪类别: negative, 标签值: 1
2025-12-17 16:41:14,554 - 视频名称: SEED-IV-Neutral2.mp4, 播放时长: 31.57秒, 情绪类别: neutral, 标签值: 2
2026-01-06 15:02:34,441 - 视频名称: sims_Positive_1.mp4, 播放时长: 33.09秒, 情绪类别: positive, 标签值: 3
2026-01-06 15:03:24,833 - 视频名称: Neutral_1.mp4, 播放时长: 33.89秒, 情绪类别: neutral, 标签值: 2
2026-01-06 15:04:21,249 - 视频名称: SEED-IV-Negative3.mp4, 播放时长: 39.42秒, 情绪类别: negative, 标签值: 1
2026-01-06 15:05:09,495 - 视频名称: Neutral_4.mp4, 播放时长: 31.28秒, 情绪类别: neutral, 标签值: 2
2026-01-06 15:05:54,311 - 视频名称: sims_Positive_2.mp4, 播放时长: 27.95秒, 情绪类别: positive, 标签值: 3
2026-01-06 15:06:44,268 - 视频名称: SEED-IV-Neutral5.mp4, 播放时长: 32.99秒, 情绪类别: neutral, 标签值: 2
2026-01-06 15:07:36,424 - 视频名称: SEED-IV-Negative2.mp4, 播放时长: 35.30秒, 情绪类别: negative, 标签值: 1
2026-01-06 15:08:25,582 - 视频名称: SEED-IV-Neutral4.mp4, 播放时长: 32.29秒, 情绪类别: neutral, 标签值: 2
2026-01-06 15:09:14,526 - 视频名称: sims_Positive_4.mp4, 播放时长: 32.08秒, 情绪类别: positive, 标签值: 3
2026-01-06 15:10:04,283 - 视频名称: Neutral_3.mp4, 播放时长: 32.90秒, 情绪类别: neutral, 标签值: 2
2026-01-06 15:10:54,131 - 视频名称: SEED-IV-Negative1.mp4, 播放时长: 32.88秒, 情绪类别: negative, 标签值: 1
2026-01-06 15:11:43,300 - 视频名称: SEED-IV-Neutral2.mp4, 播放时长: 32.09秒, 情绪类别: neutral, 标签值: 2
2026-01-06 15:12:37,046 - 视频名称: sims_Positive_3.mp4, 播放时长: 36.70秒, 情绪类别: positive, 标签值: 3
2026-01-06 15:13:25,998 - 视频名称: SEED-IV-Neutral3.mp4, 播放时长: 31.98秒, 情绪类别: neutral, 标签值: 2
2026-01-06 15:14:14,429 - 视频名称: SEED-IV-Negative4.mp4, 播放时长: 31.48秒, 情绪类别: negative, 标签值: 1
2026-01-06 15:15:03,060 - 视频名称: Neutral_2.mp4, 播放时长: 31.67秒, 情绪类别: neutral, 标签值: 2
2026-01-06 15:19:47,127 - 视频名称: sims_Positive_1.mp4, 播放时长: 33.69秒, 情绪类别: positive, 标签值: 3
2026-01-06 15:20:36,441 - 视频名称: SEED-IV-Neutral3.mp4, 播放时长: 32.28秒, 情绪类别: neutral, 标签值: 2
2026-01-06 15:21:24,949 - 视频名称: SEED-IV-Negative4.mp4, 播放时长: 31.48秒, 情绪类别: negative, 标签值: 1
2026-01-06 15:22:14,562 - 视频名称: SEED-IV-Neutral4.mp4, 播放时长: 32.57秒, 情绪类别: neutral, 标签值: 2
2026-01-06 15:23:03,972 - 视频名称: sims_Positive_5.mp4, 播放时长: 32.38秒, 情绪类别: positive, 标签值: 3
2026-01-06 15:23:53,640 - 视频名称: Neutral_5.mp4, 播放时长: 32.60秒, 情绪类别: neutral, 标签值: 2
2026-01-06 15:24:43,094 - 视频名称: SEED-IV-Negative5.mp4, 播放时长: 32.38秒, 情绪类别: negative, 标签值: 1
2026-01-06 15:25:35,466 - 视频名称: SEED-IV-Neutral1.mp4, 播放时长: 35.30秒, 情绪类别: neutral, 标签值: 2
2026-01-06 15:26:20,572 - 视频名称: sims_Positive_2.mp4, 播放时长: 28.07秒, 情绪类别: positive, 标签值: 3
2026-01-06 15:27:09,797 - 视频名称: SEED-IV-Neutral2.mp4, 播放时长: 32.18秒, 情绪类别: neutral, 标签值: 2
2026-01-06 15:28:02,321 - 视频名称: SEED-IV-Negative2.mp4, 播放时长: 35.50秒, 情绪类别: negative, 标签值: 1
2026-01-06 15:28:51,127 - 视频名称: Neutral_2.mp4, 播放时长: 31.78秒, 情绪类别: neutral, 标签值: 2
2026-01-06 15:29:40,436 - 视频名称: sims_Positive_4.mp4, 播放时长: 32.28秒, 情绪类别: positive, 标签值: 3
2026-01-06 15:30:31,446 - 视频名称: Neutral_1.mp4, 播放时长: 33.98秒, 情绪类别: neutral, 标签值: 2
2026-01-06 15:31:21,662 - 视频名称: SEED-IV-Negative1.mp4, 播放时长: 33.19秒, 情绪类别: negative, 标签值: 1
2026-01-06 15:32:10,365 - 视频名称: Neutral_4.mp4, 播放时长: 31.58秒, 情绪类别: neutral, 标签值: 2
2026-01-06 15:33:04,098 - 视频名称: sims_Positive_3.mp4, 播放时长: 36.71秒, 情绪类别: positive, 标签值: 3
2026-01-06 15:33:54,519 - 视频名称: SEED-IV-Neutral5.mp4, 播放时长: 33.28秒, 情绪类别: neutral, 标签值: 2
2026-01-06 15:34:51,178 - 视频名称: SEED-IV-Negative3.mp4, 播放时长: 39.53秒, 情绪类别: negative, 标签值: 1
2026-01-06 15:35:41,282 - 视频名称: Neutral_3.mp4, 播放时长: 33.07秒, 情绪类别: neutral, 标签值: 2
2026-01-06 16:07:19,520 - 视频名称: sims_Positive_2.mp4, 播放时长: 27.54秒, 情绪类别: positive, 标签值: 3
2026-01-06 16:08:08,628 - 视频名称: SEED-IV-Neutral2.mp4, 播放时长: 32.08秒, 情绪类别: neutral, 标签值: 2
2026-01-06 16:08:58,748 - 视频名称: SEED-IV-Negative1.mp4, 播放时长: 33.08秒, 情绪类别: negative, 标签值: 1
2026-01-06 16:09:51,058 - 视频名称: SEED-IV-Neutral1.mp4, 播放时长: 35.29秒, 情绪类别: neutral, 标签值: 2
2026-01-06 16:10:40,446 - 视频名称: sims_Positive_5.mp4, 播放时长: 32.36秒, 情绪类别: positive, 标签值: 3
2026-01-06 16:11:30,441 - 视频名称: Neutral_3.mp4, 播放时长: 32.98秒, 情绪类别: neutral, 标签值: 2
2026-01-06 16:12:19,949 - 视频名称: SEED-IV-Negative5.mp4, 播放时长: 32.38秒, 情绪类别: negative, 标签值: 1
2026-01-06 16:13:09,258 - 视频名称: SEED-IV-Neutral3.mp4, 播放时长: 32.28秒, 情绪类别: neutral, 标签值: 2
2026-01-06 16:13:59,961 - 视频名称: sims_Positive_1.mp4, 播放时长: 33.68秒, 情绪类别: positive, 标签值: 3
2026-01-06 16:14:48,777 - 视频名称: Neutral_2.mp4, 播放时长: 31.78秒, 情绪类别: neutral, 标签值: 2
2026-01-06 16:15:45,414 - 视频名称: SEED-IV-Negative3.mp4, 播放时长: 39.51秒, 情绪类别: negative, 标签值: 1
2026-01-06 16:16:36,319 - 视频名称: Neutral_1.mp4, 播放时长: 33.89秒, 情绪类别: neutral, 标签值: 2
2026-01-06 16:17:30,054 - 视频名称: sims_Positive_3.mp4, 播放时长: 36.71秒, 情绪类别: positive, 标签值: 3
2026-01-06 16:18:18,540 - 视频名称: Neutral_4.mp4, 播放时长: 31.47秒, 情绪类别: neutral, 标签值: 2
2026-01-06 16:19:11,156 - 视频名称: SEED-IV-Negative2.mp4, 播放时长: 35.50秒, 情绪类别: negative, 标签值: 1
2026-01-06 16:20:00,846 - 视频名称: Neutral_5.mp4, 播放时长: 32.67秒, 情绪类别: neutral, 标签值: 2
2026-01-06 16:20:50,149 - 视频名称: sims_Positive_4.mp4, 播放时长: 32.28秒, 情绪类别: positive, 标签值: 3
2026-01-06 16:21:40,572 - 视频名称: SEED-IV-Neutral5.mp4, 播放时长: 33.29秒, 情绪类别: neutral, 标签值: 2
2026-01-06 16:22:29,166 - 视频名称: SEED-IV-Negative4.mp4, 播放时长: 31.47秒, 情绪类别: negative, 标签值: 1
2026-01-06 16:23:18,674 - 视频名称: SEED-IV-Neutral4.mp4, 播放时长: 32.48秒, 情绪类别: neutral, 标签值: 2
2026-01-07 14:55:11,858 - 视频名称: sims_Positive_5.mp4, 播放时长: 31.78秒, 情绪类别: positive, 标签值: 3
2026-01-07 14:56:01,762 - 视频名称: Neutral_1.mp4, 播放时长: 33.40秒, 情绪类别: neutral, 标签值: 2
2026-01-07 14:56:50,049 - 视频名称: SEED-IV-Negative5.mp4, 播放时长: 31.78秒, 情绪类别: negative, 标签值: 1
2026-01-07 14:57:38,411 - 视频名称: SEED-IV-Neutral4.mp4, 播放时长: 31.88秒, 情绪类别: neutral, 标签值: 2
2026-01-07 14:58:26,469 - 视频名称: sims_Positive_4.mp4, 播放时长: 31.58秒, 情绪类别: positive, 标签值: 3
2026-01-07 14:59:13,802 - 视频名称: Neutral_4.mp4, 播放时长: 30.87秒, 情绪类别: neutral, 标签值: 2
2026-01-07 15:00:09,180 - 视频名称: SEED-IV-Negative3.mp4, 播放时长: 38.91秒, 情绪类别: negative, 标签值: 1
2026-01-07 15:01:00,255 - 视频名称: SEED-IV-Neutral1.mp4, 播放时长: 34.61秒, 情绪类别: neutral, 标签值: 2
2026-01-07 15:01:52,918 - 视频名称: sims_Positive_3.mp4, 播放时长: 36.21秒, 情绪类别: positive, 标签值: 3
2026-01-07 15:02:40,463 - 视频名称: Neutral_2.mp4, 播放时长: 31.08秒, 情绪类别: neutral, 标签值: 2
2026-01-07 15:03:31,775 - 视频名称: SEED-IV-Negative2.mp4, 播放时长: 34.89秒, 情绪类别: negative, 标签值: 1
2026-01-07 15:04:20,721 - 视频名称: Neutral_3.mp4, 播放时长: 32.48秒, 情绪类别: neutral, 标签值: 2
2026-01-07 15:05:10,274 - 视频名称: sims_Positive_1.mp4, 播放时长: 33.10秒, 情绪类别: positive, 标签值: 3
2026-01-07 15:05:59,331 - 视频名称: SEED-IV-Neutral5.mp4, 播放时长: 32.58秒, 情绪类别: neutral, 标签值: 2
2026-01-07 15:06:46,671 - 视频名称: SEED-IV-Negative4.mp4, 播放时长: 30.88秒, 情绪类别: negative, 标签值: 1
2026-01-07 15:07:35,215 - 视频名称: Neutral_5.mp4, 播放时长: 32.08秒, 情绪类别: neutral, 标签值: 2
2026-01-07 15:08:19,143 - 视频名称: sims_Positive_2.mp4, 播放时长: 27.46秒, 情绪类别: positive, 标签值: 3
2026-01-07 15:09:07,181 - 视频名称: SEED-IV-Neutral3.mp4, 播放时长: 31.57秒, 情绪类别: neutral, 标签值: 2
2026-01-07 15:09:56,130 - 视频名称: SEED-IV-Negative1.mp4, 播放时长: 32.47秒, 情绪类别: negative, 标签值: 1
2026-01-07 15:10:44,048 - 视频名称: SEED-IV-Neutral2.mp4, 播放时长: 31.48秒, 情绪类别: neutral, 标签值: 2
2026-01-07 15:23:02,895 - 视频名称: sims_Positive_3.mp4, 播放时长: 36.10秒, 情绪类别: positive, 标签值: 3
2026-01-07 15:23:50,497 - 视频名称: Neutral_2.mp4, 播放时长: 31.17秒, 情绪类别: neutral, 标签值: 2
2026-01-07 15:24:45,845 - 视频名称: SEED-IV-Negative3.mp4, 播放时长: 38.91秒, 情绪类别: negative, 标签值: 1
2026-01-07 15:25:34,245 - 视频名称: Neutral_5.mp4, 播放时长: 31.99秒, 情绪类别: neutral, 标签值: 2
2026-01-07 15:26:22,454 - 视频名称: sims_Positive_4.mp4, 播放时长: 31.67秒, 情绪类别: positive, 标签值: 3
2026-01-07 15:27:10,455 - 视频名称: SEED-IV-Neutral3.mp4, 播放时长: 31.57秒, 情绪类别: neutral, 标签值: 2
2026-01-07 15:27:59,359 - 视频名称: SEED-IV-Negative1.mp4, 播放时长: 32.47秒, 情绪类别: negative, 标签值: 1
2026-01-07 15:28:50,675 - 视频名称: SEED-IV-Neutral1.mp4, 播放时长: 34.58秒, 情绪类别: neutral, 标签值: 2
2026-01-07 15:29:40,285 - 视频名称: sims_Positive_1.mp4, 播放时长: 33.09秒, 情绪类别: positive, 标签值: 3
2026-01-07 15:30:27,581 - 视频名称: Neutral_4.mp4, 播放时长: 30.87秒, 情绪类别: neutral, 标签值: 2
2026-01-07 15:31:14,877 - 视频名称: SEED-IV-Negative4.mp4, 播放时长: 30.88秒, 情绪类别: negative, 标签值: 1
2026-01-07 15:32:02,790 - 视频名称: SEED-IV-Neutral2.mp4, 播放时长: 31.48秒, 情绪类别: neutral, 标签值: 2
2026-01-07 15:32:46,674 - 视频名称: sims_Positive_2.mp4, 播放时长: 27.46秒, 情绪类别: positive, 标签值: 3
2026-01-07 15:33:34,987 - 视频名称: SEED-IV-Neutral4.mp4, 播放时长: 31.88秒, 情绪类别: neutral, 标签值: 2
2026-01-07 15:34:23,195 - 视频名称: SEED-IV-Negative5.mp4, 播放时长: 31.78秒, 情绪类别: negative, 标签值: 1
2026-01-07 15:35:12,108 - 视频名称: Neutral_3.mp4, 播放时长: 32.39秒, 情绪类别: neutral, 标签值: 2
2026-01-07 15:36:00,322 - 视频名称: sims_Positive_5.mp4, 播放时长: 31.78秒, 情绪类别: positive, 标签值: 3
2026-01-07 15:36:50,022 - 视频名称: Neutral_1.mp4, 播放时长: 33.28秒, 情绪类别: neutral, 标签值: 2
2026-01-07 15:37:41,345 - 视频名称: SEED-IV-Negative2.mp4, 播放时长: 34.89秒, 情绪类别: negative, 标签值: 1
2026-01-07 15:38:30,363 - 视频名称: SEED-IV-Neutral5.mp4, 播放时长: 32.58秒, 情绪类别: neutral, 标签值: 2
